#
# There is insufficient memory for the Java Runtime Environment to continue.
# Native memory allocation (malloc) failed to allocate 32784 bytes for Chunk::new
# Possible reasons:
#   The system is out of physical RAM or swap space
#   The process is running with CompressedOops enabled, and the Java Heap may be blocking the growth of the native heap
# Possible solutions:
#   Reduce memory load on the system
#   Increase physical memory or swap space
#   Check if swap backing store is full
#   Decrease Java heap size (-Xmx/-Xms)
#   Decrease number of Java threads
#   Decrease Java thread stack sizes (-Xss)
#   Set larger code cache with -XX:ReservedCodeCacheSize=
#   JVM is running with Unscaled Compressed Oops mode in which the Java heap is
#     placed in the first 4GB address space. The Java Heap base address is the
#     maximum limit for the native heap growth. Please use -XX:HeapBaseMinAddress
#     to set the Java Heap base and to place the Java Heap above 4GB virtual address.
# This output file may be truncated or incomplete.
#
#  Out of Memory Error (./src/hotspot/share/memory/arena.cpp:197), pid=4092, tid=17328
#
# JRE version: OpenJDK Runtime Environment (11.0.11+9) (build 11.0.11+9-b60-7590822)
# Java VM: OpenJDK 64-Bit Server VM (11.0.11+9-b60-7590822, mixed mode, tiered, compressed oops, g1 gc, windows-amd64)
# No core dump will be written. Minidumps are not enabled by default on client versions of Windows
#

---------------  S U M M A R Y ------------

Command Line: --add-opens=java.base/java.util=ALL-UNNAMED --add-opens=java.base/java.lang=ALL-UNNAMED --add-opens=java.base/java.lang.invoke=ALL-UNNAMED --add-opens=java.base/java.util=ALL-UNNAMED --add-opens=java.prefs/java.util.prefs=ALL-UNNAMED --add-opens=java.prefs/java.util.prefs=ALL-UNNAMED --add-opens=java.base/java.nio.charset=ALL-UNNAMED --add-opens=java.base/java.net=ALL-UNNAMED --add-opens=java.base/java.util.concurrent.atomic=ALL-UNNAMED -Xmx1536m -Dfile.encoding=windows-1252 -Duser.country=US -Duser.language=en -Duser.variant org.gradle.launcher.daemon.bootstrap.GradleDaemon 7.2

Host: Intel(R) Core(TM) i5-6300U CPU @ 2.40GHz, 4 cores, 15G,  Windows 10 , 64 bit Build 19041 (10.0.19041.1466)
Time: Thu Feb  3 01:58:08 2022 Pakistan Standard Time elapsed time: 19.269010 seconds (0d 0h 0m 19s)

---------------  T H R E A D  ---------------

Current thread (0x0000029b00082000):  JavaThread "C2 CompilerThread0" daemon [_thread_in_native, id=17328, stack(0x000000c4e7f00000,0x000000c4e8000000)]


Current CompileTask:
C2:  19269 6744       4       groovy.lang.MetaClassImpl$1MOPIter::methodNameAction (325 bytes)

Stack: [0x000000c4e7f00000,0x000000c4e8000000]
Native frames: (J=compiled Java code, j=interpreted, Vv=VM code, C=native code)
V  [jvm.dll+0x5f214a]
V  [jvm.dll+0x726fb5]
V  [jvm.dll+0x7285cd]
V  [jvm.dll+0x728c83]
V  [jvm.dll+0x243278]
V  [jvm.dll+0xbc53c]
V  [jvm.dll+0xbca3c]
V  [jvm.dll+0xbc638]
V  [jvm.dll+0x5d14e0]
V  [jvm.dll+0x204fb3]
V  [jvm.dll+0x1fd1c2]
V  [jvm.dll+0x1fb35f]
V  [jvm.dll+0x183d6c]
V  [jvm.dll+0x209a57]
V  [jvm.dll+0x2082a1]
V  [jvm.dll+0x6ef58f]
V  [jvm.dll+0x6e80b5]
V  [jvm.dll+0x5f1036]
C  [ucrtbase.dll+0x21bb2]
C  [KERNEL32.DLL+0x17034]
C  [ntdll.dll+0x52651]


---------------  P R O C E S S  ---------------

Threads class SMR info:
_java_thread_list=0x0000029b05101170, length=79, elements={
0x0000029b64bdd000, 0x0000029b7f435000, 0x0000029b7f43f000, 0x0000029b00079800,
0x0000029b0007a800, 0x0000029b0007c000, 0x0000029b00082000, 0x0000029b00086000,
0x0000029b00089000, 0x0000029b001e1800, 0x0000029b01482800, 0x0000029b003be800,
0x0000029b024ce000, 0x0000029b0343a000, 0x0000029b01835800, 0x0000029b027b1800,
0x0000029b02056000, 0x0000029b01daa000, 0x0000029b01321800, 0x0000029b01fab800,
0x0000029b01fb2000, 0x0000029b01fae800, 0x0000029b01faf800, 0x0000029b01fb1000,
0x0000029b01fac000, 0x0000029b01fb0800, 0x0000029b01fad000, 0x0000029b01fae000,
0x0000029b01c61800, 0x0000029b01c5c000, 0x0000029b01c62800, 0x0000029b01c5c800,
0x0000029b01c5d800, 0x0000029b01c64000, 0x0000029b01c63800, 0x0000029b01c5e800,
0x0000029b01c65000, 0x0000029b01c65800, 0x0000029b01c60000, 0x0000029b01c6a800,
0x0000029b01c68000, 0x0000029b01c66800, 0x0000029b01c67800, 0x0000029b01c69000,
0x0000029b01c6a000, 0x0000029b006f9800, 0x0000029b006f3800, 0x0000029b006fa000,
0x0000029b006f4800, 0x0000029b006fb000, 0x0000029b006f7800, 0x0000029b006f7000,
0x0000029b006f5800, 0x0000029b006f8800, 0x0000029b006fc000, 0x0000029b006f6000,
0x0000029b006fc800, 0x0000029b00702800, 0x0000029b006fd800, 0x0000029b00701800,
0x0000029b006fe800, 0x0000029b006ff000, 0x0000029b00700000, 0x0000029b00700800,
0x0000029b06a73800, 0x0000029b06a74800, 0x0000029b06a75800, 0x0000029b06a73000,
0x0000029b06a72000, 0x0000029b06a6f800, 0x0000029b06a76000, 0x0000029b06a70800,
0x0000029b06a77000, 0x0000029b06a71800, 0x0000029b06a7a800, 0x0000029b06a79800,
0x0000029b06a7c800, 0x0000029b06a78000, 0x0000029b05343800
}

Java Threads: ( => current thread )
  0x0000029b64bdd000 JavaThread "main" [_thread_blocked, id=10812, stack(0x000000c4e7300000,0x000000c4e7400000)]
  0x0000029b7f435000 JavaThread "Reference Handler" daemon [_thread_blocked, id=17316, stack(0x000000c4e7a00000,0x000000c4e7b00000)]
  0x0000029b7f43f000 JavaThread "Finalizer" daemon [_thread_blocked, id=2116, stack(0x000000c4e7b00000,0x000000c4e7c00000)]
  0x0000029b00079800 JavaThread "Signal Dispatcher" daemon [_thread_blocked, id=13440, stack(0x000000c4e7c00000,0x000000c4e7d00000)]
  0x0000029b0007a800 JavaThread "Attach Listener" daemon [_thread_blocked, id=9372, stack(0x000000c4e7d00000,0x000000c4e7e00000)]
  0x0000029b0007c000 JavaThread "Service Thread" daemon [_thread_blocked, id=3236, stack(0x000000c4e7e00000,0x000000c4e7f00000)]
=>0x0000029b00082000 JavaThread "C2 CompilerThread0" daemon [_thread_in_native, id=17328, stack(0x000000c4e7f00000,0x000000c4e8000000)]
  0x0000029b00086000 JavaThread "C1 CompilerThread0" daemon [_thread_blocked, id=7268, stack(0x000000c4e8000000,0x000000c4e8100000)]
  0x0000029b00089000 JavaThread "Sweeper thread" daemon [_thread_blocked, id=10216, stack(0x000000c4e8100000,0x000000c4e8200000)]
  0x0000029b001e1800 JavaThread "Common-Cleaner" daemon [_thread_blocked, id=16776, stack(0x000000c4e8200000,0x000000c4e8300000)]
  0x0000029b01482800 JavaThread "Daemon health stats" [_thread_blocked, id=2436, stack(0x000000c4e8800000,0x000000c4e8900000)]
  0x0000029b003be800 JavaThread "Incoming local TCP Connector on port 54863" [_thread_in_native, id=18044, stack(0x000000c4e8400000,0x000000c4e8500000)]
  0x0000029b024ce000 JavaThread "Daemon periodic checks" [_thread_blocked, id=13148, stack(0x000000c4e8900000,0x000000c4e8a00000)]
  0x0000029b0343a000 JavaThread "Daemon" [_thread_blocked, id=17512, stack(0x000000c4e8a00000,0x000000c4e8b00000)]
  0x0000029b01835800 JavaThread "Handler for socket connection from /127.0.0.1:54863 to /127.0.0.1:54864" [_thread_in_native, id=3420, stack(0x000000c4e8b00000,0x000000c4e8c00000)]
  0x0000029b027b1800 JavaThread "Cancel handler" [_thread_blocked, id=13000, stack(0x000000c4e8c00000,0x000000c4e8d00000)]
  0x0000029b02056000 JavaThread "Daemon worker" [_thread_in_Java, id=9612, stack(0x000000c4e8d00000,0x000000c4e8e00000)]
  0x0000029b01daa000 JavaThread "Asynchronous log dispatcher for DefaultDaemonConnection: socket connection from /127.0.0.1:54863 to /127.0.0.1:54864" [_thread_blocked, id=18152, stack(0x000000c4e8e00000,0x000000c4e8f00000)]
  0x0000029b01321800 JavaThread "Stdin handler" [_thread_blocked, id=15300, stack(0x000000c4e8f00000,0x000000c4e9000000)]
  0x0000029b01fab800 JavaThread "Daemon client event forwarder" [_thread_blocked, id=12332, stack(0x000000c4e9000000,0x000000c4e9100000)]
  0x0000029b01fb2000 JavaThread "Cache worker for journal cache (C:\Users\LAPTOP MART\.gradle\caches\journal-1)" [_thread_blocked, id=15960, stack(0x000000c4e9100000,0x000000c4e9200000)]
  0x0000029b01fae800 JavaThread "File lock request listener" [_thread_in_native, id=7208, stack(0x000000c4e9200000,0x000000c4e9300000)]
  0x0000029b01faf800 JavaThread "Cache worker for file hash cache (C:\Users\LAPTOP MART\.gradle\caches\7.2\fileHashes)" [_thread_blocked, id=14988, stack(0x000000c4e9300000,0x000000c4e9400000)]
  0x0000029b01fb1000 JavaThread "Cache worker for file hash cache (C:\Users\LAPTOP MART\StudioProjects\SmartKitchen_FYP\.gradle\7.2\fileHashes)" [_thread_blocked, id=3532, stack(0x000000c4e9500000,0x000000c4e9600000)]
  0x0000029b01fac000 JavaThread "File watcher server" daemon [_thread_in_native, id=10088, stack(0x000000c4e9600000,0x000000c4e9700000)]
  0x0000029b01fb0800 JavaThread "File watcher consumer" daemon [_thread_blocked, id=13056, stack(0x000000c4e9700000,0x000000c4e9800000)]
  0x0000029b01fad000 JavaThread "Cache worker for checksums cache (C:\Users\LAPTOP MART\StudioProjects\SmartKitchen_FYP\.gradle\checksums)" [_thread_blocked, id=13884, stack(0x000000c4e9800000,0x000000c4e9900000)]
  0x0000029b01fae000 JavaThread "Cache worker for cache directory md-supplier (C:\Users\LAPTOP MART\.gradle\caches\7.2\md-supplier)" [_thread_blocked, id=18224, stack(0x000000c4e9900000,0x000000c4e9a00000)]
  0x0000029b01c61800 JavaThread "Cache worker for cache directory md-rule (C:\Users\LAPTOP MART\.gradle\caches\7.2\md-rule)" [_thread_blocked, id=18016, stack(0x000000c4e9a00000,0x000000c4e9b00000)]
  0x0000029b01c5c000 JavaThread "Cache worker for execution history cache (C:\Users\LAPTOP MART\.gradle\caches\7.2\executionHistory)" [_thread_blocked, id=16488, stack(0x000000c4e9b00000,0x000000c4e9c00000)]
  0x0000029b01c62800 JavaThread "jar transforms" [_thread_blocked, id=15036, stack(0x000000c4e9c00000,0x000000c4e9d00000)]
  0x0000029b01c5c800 JavaThread "jar transforms Thread 2" [_thread_blocked, id=9772, stack(0x000000c4e9d00000,0x000000c4e9e00000)]
  0x0000029b01c5d800 JavaThread "Cache worker for file content cache (C:\Users\LAPTOP MART\.gradle\caches\7.2\fileContent)" [_thread_blocked, id=12396, stack(0x000000c4e9e00000,0x000000c4e9f00000)]
  0x0000029b01c64000 JavaThread "Cache worker for dependencies-accessors (C:\Users\LAPTOP MART\StudioProjects\SmartKitchen_FYP\.gradle\7.2\dependencies-accessors)" [_thread_blocked, id=13840, stack(0x000000c4e9f00000,0x000000c4ea000000)]
  0x0000029b01c63800 JavaThread "jar transforms Thread 3" [_thread_blocked, id=392, stack(0x000000c4ea000000,0x000000c4ea100000)]
  0x0000029b01c5e800 JavaThread "Cache worker for Build Output Cleanup Cache (C:\Users\LAPTOP MART\StudioProjects\SmartKitchen_FYP\.gradle\buildOutputCleanup)" [_thread_blocked, id=13680, stack(0x000000c4ea100000,0x000000c4ea200000)]
  0x0000029b01c65000 JavaThread "Unconstrained build operations" [_thread_blocked, id=15516, stack(0x000000c4ea200000,0x000000c4ea300000)]
  0x0000029b01c65800 JavaThread "Unconstrained build operations Thread 2" [_thread_blocked, id=9196, stack(0x000000c4ea300000,0x000000c4ea400000)]
  0x0000029b01c60000 JavaThread "Unconstrained build operations Thread 3" [_thread_blocked, id=672, stack(0x000000c4ea400000,0x000000c4ea500000)]
  0x0000029b01c6a800 JavaThread "Unconstrained build operations Thread 4" [_thread_blocked, id=7240, stack(0x000000c4ea500000,0x000000c4ea600000)]
  0x0000029b01c68000 JavaThread "Unconstrained build operations Thread 5" [_thread_blocked, id=12632, stack(0x000000c4ea600000,0x000000c4ea700000)]
  0x0000029b01c66800 JavaThread "Unconstrained build operations Thread 6" [_thread_blocked, id=18404, stack(0x000000c4ea700000,0x000000c4ea800000)]
  0x0000029b01c67800 JavaThread "Unconstrained build operations Thread 7" [_thread_blocked, id=18332, stack(0x000000c4ea800000,0x000000c4ea900000)]
  0x0000029b01c69000 JavaThread "Unconstrained build operations Thread 8" [_thread_blocked, id=16120, stack(0x000000c4ea900000,0x000000c4eaa00000)]
  0x0000029b01c6a000 JavaThread "Unconstrained build operations Thread 9" [_thread_blocked, id=13224, stack(0x000000c4eaa00000,0x000000c4eab00000)]
  0x0000029b006f9800 JavaThread "Unconstrained build operations Thread 10" [_thread_blocked, id=14300, stack(0x000000c4eab00000,0x000000c4eac00000)]
  0x0000029b006f3800 JavaThread "Unconstrained build operations Thread 11" [_thread_blocked, id=3464, stack(0x000000c4eac00000,0x000000c4ead00000)]
  0x0000029b006fa000 JavaThread "Unconstrained build operations Thread 12" [_thread_blocked, id=3004, stack(0x000000c4ead00000,0x000000c4eae00000)]
  0x0000029b006f4800 JavaThread "Unconstrained build operations Thread 13" [_thread_blocked, id=6488, stack(0x000000c4eae00000,0x000000c4eaf00000)]
  0x0000029b006fb000 JavaThread "Unconstrained build operations Thread 14" [_thread_blocked, id=3516, stack(0x000000c4eaf00000,0x000000c4eb000000)]
  0x0000029b006f7800 JavaThread "Unconstrained build operations Thread 15" [_thread_blocked, id=13508, stack(0x000000c4eb000000,0x000000c4eb100000)]
  0x0000029b006f7000 JavaThread "Unconstrained build operations Thread 16" [_thread_blocked, id=12936, stack(0x000000c4eb100000,0x000000c4eb200000)]
  0x0000029b006f5800 JavaThread "Unconstrained build operations Thread 17" [_thread_blocked, id=9580, stack(0x000000c4eb200000,0x000000c4eb300000)]
  0x0000029b006f8800 JavaThread "Unconstrained build operations Thread 18" [_thread_blocked, id=13920, stack(0x000000c4eb300000,0x000000c4eb400000)]
  0x0000029b006fc000 JavaThread "Unconstrained build operations Thread 19" [_thread_blocked, id=8708, stack(0x000000c4eb400000,0x000000c4eb500000)]
  0x0000029b006f6000 JavaThread "Unconstrained build operations Thread 20" [_thread_blocked, id=11300, stack(0x000000c4eb500000,0x000000c4eb600000)]
  0x0000029b006fc800 JavaThread "Unconstrained build operations Thread 21" [_thread_blocked, id=15872, stack(0x000000c4eb600000,0x000000c4eb700000)]
  0x0000029b00702800 JavaThread "Unconstrained build operations Thread 22" [_thread_blocked, id=15652, stack(0x000000c4eb700000,0x000000c4eb800000)]
  0x0000029b006fd800 JavaThread "Unconstrained build operations Thread 23" [_thread_blocked, id=18160, stack(0x000000c4eb800000,0x000000c4eb900000)]
  0x0000029b00701800 JavaThread "Unconstrained build operations Thread 24" [_thread_blocked, id=13400, stack(0x000000c4eb900000,0x000000c4eba00000)]
  0x0000029b006fe800 JavaThread "Unconstrained build operations Thread 25" [_thread_blocked, id=15580, stack(0x000000c4eba00000,0x000000c4ebb00000)]
  0x0000029b006ff000 JavaThread "Unconstrained build operations Thread 26" [_thread_blocked, id=14060, stack(0x000000c4ebb00000,0x000000c4ebc00000)]
  0x0000029b00700000 JavaThread "Unconstrained build operations Thread 27" [_thread_blocked, id=11312, stack(0x000000c4ebc00000,0x000000c4ebd00000)]
  0x0000029b00700800 JavaThread "Unconstrained build operations Thread 28" [_thread_blocked, id=12776, stack(0x000000c4ebd00000,0x000000c4ebe00000)]
  0x0000029b06a73800 JavaThread "Unconstrained build operations Thread 29" [_thread_blocked, id=10740, stack(0x000000c4ebe00000,0x000000c4ebf00000)]
  0x0000029b06a74800 JavaThread "Unconstrained build operations Thread 30" [_thread_blocked, id=2904, stack(0x000000c4ebf00000,0x000000c4ec000000)]
  0x0000029b06a75800 JavaThread "Unconstrained build operations Thread 31" [_thread_blocked, id=11752, stack(0x000000c4ec000000,0x000000c4ec100000)]
  0x0000029b06a73000 JavaThread "Unconstrained build operations Thread 32" [_thread_blocked, id=17172, stack(0x000000c4ec100000,0x000000c4ec200000)]
  0x0000029b06a72000 JavaThread "Unconstrained build operations Thread 33" [_thread_blocked, id=11672, stack(0x000000c4ec200000,0x000000c4ec300000)]
  0x0000029b06a6f800 JavaThread "Unconstrained build operations Thread 34" [_thread_blocked, id=15864, stack(0x000000c4ec300000,0x000000c4ec400000)]
  0x0000029b06a76000 JavaThread "Unconstrained build operations Thread 35" [_thread_blocked, id=17588, stack(0x000000c4ec400000,0x000000c4ec500000)]
  0x0000029b06a70800 JavaThread "Unconstrained build operations Thread 36" [_thread_blocked, id=8096, stack(0x000000c4ec500000,0x000000c4ec600000)]
  0x0000029b06a77000 JavaThread "Unconstrained build operations Thread 37" [_thread_blocked, id=12540, stack(0x000000c4ec600000,0x000000c4ec700000)]
  0x0000029b06a71800 JavaThread "Unconstrained build operations Thread 38" [_thread_blocked, id=10508, stack(0x000000c4ec700000,0x000000c4ec800000)]
  0x0000029b06a7a800 JavaThread "Unconstrained build operations Thread 39" [_thread_blocked, id=9308, stack(0x000000c4ec800000,0x000000c4ec900000)]
  0x0000029b06a79800 JavaThread "Unconstrained build operations Thread 40" [_thread_blocked, id=6124, stack(0x000000c4ec900000,0x000000c4eca00000)]
  0x0000029b06a7c800 JavaThread "jar transforms Thread 4" [_thread_blocked, id=9752, stack(0x000000c4eca00000,0x000000c4ecb00000)]
  0x0000029b06a78000 JavaThread "Memory manager" [_thread_blocked, id=4832, stack(0x000000c4e9400000,0x000000c4e9500000)]
  0x0000029b05343800 JavaThread "C2 CompilerThread1" daemon [_thread_in_native, id=13164, stack(0x000000c4ecb00000,0x000000c4ecc00000)]

Other Threads:
  0x0000029b00025000 VMThread "VM Thread" [stack: 0x000000c4e7900000,0x000000c4e7a00000] [id=11296]
  0x0000029b0024b000 WatcherThread [stack: 0x000000c4e8300000,0x000000c4e8400000] [id=14972]
  0x0000029b64bf5800 GCTaskThread "GC Thread#0" [stack: 0x000000c4e7400000,0x000000c4e7500000] [id=4976]
  0x0000029b0081b000 GCTaskThread "GC Thread#1" [stack: 0x000000c4e8500000,0x000000c4e8600000] [id=13664]
  0x0000029b00b12800 GCTaskThread "GC Thread#2" [stack: 0x000000c4e8600000,0x000000c4e8700000] [id=6660]
  0x0000029b00b13000 GCTaskThread "GC Thread#3" [stack: 0x000000c4e8700000,0x000000c4e8800000] [id=9892]
  0x0000029b64c1b800 ConcurrentGCThread "G1 Main Marker" [stack: 0x000000c4e7500000,0x000000c4e7600000] [id=4636]
  0x0000029b64c1d000 ConcurrentGCThread "G1 Conc#0" [stack: 0x000000c4e7600000,0x000000c4e7700000] [id=16024]
  0x0000029b64cbe000 ConcurrentGCThread "G1 Refine#0" [stack: 0x000000c4e7700000,0x000000c4e7800000] [id=17104]
  0x0000029b7f2a6800 ConcurrentGCThread "G1 Young RemSet Sampling" [stack: 0x000000c4e7800000,0x000000c4e7900000] [id=8444]

Threads with active compile tasks:
C2 CompilerThread0  19333 6744       4       groovy.lang.MetaClassImpl$1MOPIter::methodNameAction (325 bytes)
C2 CompilerThread1  19334 6774       4       java.lang.Class::getMethod (59 bytes)

VM state:not at safepoint (normal execution)

VM Mutex/Monitor currently owned by a thread: None

Heap address: 0x00000000a0000000, size: 1536 MB, Compressed Oops mode: 32-bit
Narrow klass base: 0x0000000000000000, Narrow klass shift: 3
Compressed class space size: 1073741824 Address: 0x0000000100000000

Heap:
 garbage-first heap   total 258048K, used 137885K [0x00000000a0000000, 0x0000000100000000)
  region size 1024K, 109 young (111616K), 19 survivors (19456K)
 Metaspace       used 65739K, capacity 67388K, committed 67668K, reserved 1107968K
  class space    used 8288K, capacity 8838K, committed 8908K, reserved 1048576K
Heap Regions: E=young(eden), S=young(survivor), O=old, HS=humongous(starts), HC=humongous(continues), CS=collection set, F=free, A=archive, TAMS=top-at-mark-start (previous, next)
|   0|0x00000000a0000000, 0x00000000a0100000, 0x00000000a0100000|100%|HS|  |TAMS 0x00000000a0100000, 0x00000000a0000000| Complete 
|   1|0x00000000a0100000, 0x00000000a0200000, 0x00000000a0200000|100%|HC|  |TAMS 0x00000000a0200000, 0x00000000a0100000| Complete 
|   2|0x00000000a0200000, 0x00000000a0300000, 0x00000000a0300000|100%|HC|  |TAMS 0x00000000a0300000, 0x00000000a0200000| Complete 
|   3|0x00000000a0300000, 0x00000000a0400000, 0x00000000a0400000|100%| O|  |TAMS 0x00000000a0400000, 0x00000000a0300000| Untracked 
|   4|0x00000000a0400000, 0x00000000a0500000, 0x00000000a0500000|100%| O|  |TAMS 0x00000000a0500000, 0x00000000a0400000| Untracked 
|   5|0x00000000a0500000, 0x00000000a0600000, 0x00000000a0600000|100%| O|  |TAMS 0x00000000a0600000, 0x00000000a0500000| Untracked 
|   6|0x00000000a0600000, 0x00000000a0700000, 0x00000000a0700000|100%| O|  |TAMS 0x00000000a0700000, 0x00000000a0600000| Untracked 
|   7|0x00000000a0700000, 0x00000000a0800000, 0x00000000a0800000|100%| O|  |TAMS 0x00000000a0800000, 0x00000000a0700000| Untracked 
|   8|0x00000000a0800000, 0x00000000a0900000, 0x00000000a0900000|100%| O|  |TAMS 0x00000000a0900000, 0x00000000a0800000| Untracked 
|   9|0x00000000a0900000, 0x00000000a0a00000, 0x00000000a0a00000|100%| O|  |TAMS 0x00000000a0a00000, 0x00000000a0900000| Untracked 
|  10|0x00000000a0a00000, 0x00000000a0b00000, 0x00000000a0b00000|100%| O|  |TAMS 0x00000000a0b00000, 0x00000000a0a00000| Untracked 
|  11|0x00000000a0b00000, 0x00000000a0c00000, 0x00000000a0c00000|100%| O|  |TAMS 0x00000000a0c00000, 0x00000000a0b00000| Untracked 
|  12|0x00000000a0c00000, 0x00000000a0d00000, 0x00000000a0d00000|100%| O|  |TAMS 0x00000000a0d00000, 0x00000000a0c00000| Untracked 
|  13|0x00000000a0d00000, 0x00000000a0e00000, 0x00000000a0e00000|100%| O|  |TAMS 0x00000000a0e00000, 0x00000000a0d00000| Untracked 
|  14|0x00000000a0e00000, 0x00000000a0f00000, 0x00000000a0f00000|100%| O|  |TAMS 0x00000000a0f00000, 0x00000000a0e00000| Untracked 
|  15|0x00000000a0f00000, 0x00000000a1000000, 0x00000000a1000000|100%| O|  |TAMS 0x00000000a1000000, 0x00000000a0f00000| Untracked 
|  16|0x00000000a1000000, 0x00000000a1100000, 0x00000000a1100000|100%|HS|  |TAMS 0x00000000a1100000, 0x00000000a1000000| Complete 
|  17|0x00000000a1100000, 0x00000000a1200000, 0x00000000a1200000|100%|HS|  |TAMS 0x00000000a1200000, 0x00000000a1100000| Complete 
|  18|0x00000000a1200000, 0x00000000a1300000, 0x00000000a1300000|100%|HS|  |TAMS 0x00000000a1300000, 0x00000000a1200000| Complete 
|  19|0x00000000a1300000, 0x00000000a1400000, 0x00000000a1400000|100%|HS|  |TAMS 0x00000000a1400000, 0x00000000a1300000| Complete 
|  20|0x00000000a1400000, 0x00000000a1500000, 0x00000000a1500000|100%|HC|  |TAMS 0x00000000a1500000, 0x00000000a1400000| Complete 
|  21|0x00000000a1500000, 0x00000000a1600000, 0x00000000a1600000|100%| O|  |TAMS 0x00000000a1600000, 0x00000000a1500000| Untracked 
|  22|0x00000000a1600000, 0x00000000a1700000, 0x00000000a1700000|100%| O|  |TAMS 0x00000000a1700000, 0x00000000a1600000| Untracked 
|  23|0x00000000a1700000, 0x00000000a1800000, 0x00000000a1800000|100%| O|  |TAMS 0x00000000a1800000, 0x00000000a1700000| Untracked 
|  24|0x00000000a1800000, 0x00000000a1900000, 0x00000000a1900000|100%| O|  |TAMS 0x00000000a1900000, 0x00000000a1800000| Untracked 
|  25|0x00000000a1900000, 0x00000000a1a00000, 0x00000000a1a00000|100%| O|  |TAMS 0x00000000a1a00000, 0x00000000a1900000| Untracked 
|  26|0x00000000a1a00000, 0x00000000a1aa7400, 0x00000000a1b00000| 65%| O|  |TAMS 0x00000000a1aa7400, 0x00000000a1a00000| Untracked 
|  27|0x00000000a1b00000, 0x00000000a1c00000, 0x00000000a1c00000|100%|HS|  |TAMS 0x00000000a1b00000, 0x00000000a1b00000| Complete 
|  28|0x00000000a1c00000, 0x00000000a1c00000, 0x00000000a1d00000|  0%| F|  |TAMS 0x00000000a1c00000, 0x00000000a1c00000| Untracked 
|  29|0x00000000a1d00000, 0x00000000a1d00000, 0x00000000a1e00000|  0%| F|  |TAMS 0x00000000a1d00000, 0x00000000a1d00000| Untracked 
|  30|0x00000000a1e00000, 0x00000000a1e00000, 0x00000000a1f00000|  0%| F|  |TAMS 0x00000000a1e00000, 0x00000000a1e00000| Untracked 
|  31|0x00000000a1f00000, 0x00000000a1f00000, 0x00000000a2000000|  0%| F|  |TAMS 0x00000000a1f00000, 0x00000000a1f00000| Untracked 
|  32|0x00000000a2000000, 0x00000000a2000000, 0x00000000a2100000|  0%| F|  |TAMS 0x00000000a2000000, 0x00000000a2000000| Untracked 
|  33|0x00000000a2100000, 0x00000000a2100000, 0x00000000a2200000|  0%| F|  |TAMS 0x00000000a2100000, 0x00000000a2100000| Untracked 
|  34|0x00000000a2200000, 0x00000000a2200000, 0x00000000a2300000|  0%| F|  |TAMS 0x00000000a2200000, 0x00000000a2200000| Untracked 
|  35|0x00000000a2300000, 0x00000000a2300000, 0x00000000a2400000|  0%| F|  |TAMS 0x00000000a2300000, 0x00000000a2300000| Untracked 
|  36|0x00000000a2400000, 0x00000000a2400000, 0x00000000a2500000|  0%| F|  |TAMS 0x00000000a2400000, 0x00000000a2400000| Untracked 
|  37|0x00000000a2500000, 0x00000000a2500000, 0x00000000a2600000|  0%| F|  |TAMS 0x00000000a2500000, 0x00000000a2500000| Untracked 
|  38|0x00000000a2600000, 0x00000000a2600000, 0x00000000a2700000|  0%| F|  |TAMS 0x00000000a2600000, 0x00000000a2600000| Untracked 
|  39|0x00000000a2700000, 0x00000000a2700000, 0x00000000a2800000|  0%| F|  |TAMS 0x00000000a2700000, 0x00000000a2700000| Untracked 
|  40|0x00000000a2800000, 0x00000000a2800000, 0x00000000a2900000|  0%| F|  |TAMS 0x00000000a2800000, 0x00000000a2800000| Untracked 
|  41|0x00000000a2900000, 0x00000000a2900000, 0x00000000a2a00000|  0%| F|  |TAMS 0x00000000a2900000, 0x00000000a2900000| Untracked 
|  42|0x00000000a2a00000, 0x00000000a2a00000, 0x00000000a2b00000|  0%| F|  |TAMS 0x00000000a2a00000, 0x00000000a2a00000| Untracked 
|  43|0x00000000a2b00000, 0x00000000a2b00000, 0x00000000a2c00000|  0%| F|  |TAMS 0x00000000a2b00000, 0x00000000a2b00000| Untracked 
|  44|0x00000000a2c00000, 0x00000000a2c00000, 0x00000000a2d00000|  0%| F|  |TAMS 0x00000000a2c00000, 0x00000000a2c00000| Untracked 
|  45|0x00000000a2d00000, 0x00000000a2d00000, 0x00000000a2e00000|  0%| F|  |TAMS 0x00000000a2d00000, 0x00000000a2d00000| Untracked 
|  46|0x00000000a2e00000, 0x00000000a2e00000, 0x00000000a2f00000|  0%| F|  |TAMS 0x00000000a2e00000, 0x00000000a2e00000| Untracked 
|  47|0x00000000a2f00000, 0x00000000a2f00000, 0x00000000a3000000|  0%| F|  |TAMS 0x00000000a2f00000, 0x00000000a2f00000| Untracked 
|  48|0x00000000a3000000, 0x00000000a3000000, 0x00000000a3100000|  0%| F|  |TAMS 0x00000000a3000000, 0x00000000a3000000| Untracked 
|  49|0x00000000a3100000, 0x00000000a3100000, 0x00000000a3200000|  0%| F|  |TAMS 0x00000000a3100000, 0x00000000a3100000| Untracked 
|  50|0x00000000a3200000, 0x00000000a3200000, 0x00000000a3300000|  0%| F|  |TAMS 0x00000000a3200000, 0x00000000a3200000| Untracked 
|  51|0x00000000a3300000, 0x00000000a3300000, 0x00000000a3400000|  0%| F|  |TAMS 0x00000000a3300000, 0x00000000a3300000| Untracked 
|  52|0x00000000a3400000, 0x00000000a3400000, 0x00000000a3500000|  0%| F|  |TAMS 0x00000000a3400000, 0x00000000a3400000| Untracked 
|  53|0x00000000a3500000, 0x00000000a3500000, 0x00000000a3600000|  0%| F|  |TAMS 0x00000000a3500000, 0x00000000a3500000| Untracked 
|  54|0x00000000a3600000, 0x00000000a3600000, 0x00000000a3700000|  0%| F|  |TAMS 0x00000000a3600000, 0x00000000a3600000| Untracked 
|  55|0x00000000a3700000, 0x00000000a3700000, 0x00000000a3800000|  0%| F|  |TAMS 0x00000000a3700000, 0x00000000a3700000| Untracked 
|  56|0x00000000a3800000, 0x00000000a3800000, 0x00000000a3900000|  0%| F|  |TAMS 0x00000000a3800000, 0x00000000a3800000| Untracked 
|  57|0x00000000a3900000, 0x00000000a3900000, 0x00000000a3a00000|  0%| F|  |TAMS 0x00000000a3900000, 0x00000000a3900000| Untracked 
|  58|0x00000000a3a00000, 0x00000000a3a00000, 0x00000000a3b00000|  0%| F|  |TAMS 0x00000000a3a00000, 0x00000000a3a00000| Untracked 
|  59|0x00000000a3b00000, 0x00000000a3b00000, 0x00000000a3c00000|  0%| F|  |TAMS 0x00000000a3b00000, 0x00000000a3b00000| Untracked 
|  60|0x00000000a3c00000, 0x00000000a3c00000, 0x00000000a3d00000|  0%| F|  |TAMS 0x00000000a3c00000, 0x00000000a3c00000| Untracked 
|  61|0x00000000a3d00000, 0x00000000a3d00000, 0x00000000a3e00000|  0%| F|  |TAMS 0x00000000a3d00000, 0x00000000a3d00000| Untracked 
|  62|0x00000000a3e00000, 0x00000000a3e00000, 0x00000000a3f00000|  0%| F|  |TAMS 0x00000000a3e00000, 0x00000000a3e00000| Untracked 
|  63|0x00000000a3f00000, 0x00000000a3f00000, 0x00000000a4000000|  0%| F|  |TAMS 0x00000000a3f00000, 0x00000000a3f00000| Untracked 
|  64|0x00000000a4000000, 0x00000000a4000000, 0x00000000a4100000|  0%| F|  |TAMS 0x00000000a4000000, 0x00000000a4000000| Untracked 
|  65|0x00000000a4100000, 0x00000000a4100000, 0x00000000a4200000|  0%| F|  |TAMS 0x00000000a4100000, 0x00000000a4100000| Untracked 
|  66|0x00000000a4200000, 0x00000000a4200000, 0x00000000a4300000|  0%| F|  |TAMS 0x00000000a4200000, 0x00000000a4200000| Untracked 
|  67|0x00000000a4300000, 0x00000000a4300000, 0x00000000a4400000|  0%| F|  |TAMS 0x00000000a4300000, 0x00000000a4300000| Untracked 
|  68|0x00000000a4400000, 0x00000000a4400000, 0x00000000a4500000|  0%| F|  |TAMS 0x00000000a4400000, 0x00000000a4400000| Untracked 
|  69|0x00000000a4500000, 0x00000000a4500000, 0x00000000a4600000|  0%| F|  |TAMS 0x00000000a4500000, 0x00000000a4500000| Untracked 
|  70|0x00000000a4600000, 0x00000000a4600000, 0x00000000a4700000|  0%| F|  |TAMS 0x00000000a4600000, 0x00000000a4600000| Untracked 
|  71|0x00000000a4700000, 0x00000000a4700000, 0x00000000a4800000|  0%| F|  |TAMS 0x00000000a4700000, 0x00000000a4700000| Untracked 
|  72|0x00000000a4800000, 0x00000000a4800000, 0x00000000a4900000|  0%| F|  |TAMS 0x00000000a4800000, 0x00000000a4800000| Untracked 
|  73|0x00000000a4900000, 0x00000000a4900000, 0x00000000a4a00000|  0%| F|  |TAMS 0x00000000a4900000, 0x00000000a4900000| Untracked 
|  74|0x00000000a4a00000, 0x00000000a4a00000, 0x00000000a4b00000|  0%| F|  |TAMS 0x00000000a4a00000, 0x00000000a4a00000| Untracked 
|  75|0x00000000a4b00000, 0x00000000a4b00000, 0x00000000a4c00000|  0%| F|  |TAMS 0x00000000a4b00000, 0x00000000a4b00000| Untracked 
|  76|0x00000000a4c00000, 0x00000000a4c00000, 0x00000000a4d00000|  0%| F|  |TAMS 0x00000000a4c00000, 0x00000000a4c00000| Untracked 
|  77|0x00000000a4d00000, 0x00000000a4d00000, 0x00000000a4e00000|  0%| F|  |TAMS 0x00000000a4d00000, 0x00000000a4d00000| Untracked 
|  78|0x00000000a4e00000, 0x00000000a4e00000, 0x00000000a4f00000|  0%| F|  |TAMS 0x00000000a4e00000, 0x00000000a4e00000| Untracked 
|  79|0x00000000a4f00000, 0x00000000a4f00000, 0x00000000a5000000|  0%| F|  |TAMS 0x00000000a4f00000, 0x00000000a4f00000| Untracked 
|  80|0x00000000a5000000, 0x00000000a5000000, 0x00000000a5100000|  0%| F|  |TAMS 0x00000000a5000000, 0x00000000a5000000| Untracked 
|  81|0x00000000a5100000, 0x00000000a5100000, 0x00000000a5200000|  0%| F|  |TAMS 0x00000000a5100000, 0x00000000a5100000| Untracked 
|  82|0x00000000a5200000, 0x00000000a5200000, 0x00000000a5300000|  0%| F|  |TAMS 0x00000000a5200000, 0x00000000a5200000| Untracked 
|  83|0x00000000a5300000, 0x00000000a5300000, 0x00000000a5400000|  0%| F|  |TAMS 0x00000000a5300000, 0x00000000a5300000| Untracked 
|  84|0x00000000a5400000, 0x00000000a5400000, 0x00000000a5500000|  0%| F|  |TAMS 0x00000000a5400000, 0x00000000a5400000| Untracked 
|  85|0x00000000a5500000, 0x00000000a5500000, 0x00000000a5600000|  0%| F|  |TAMS 0x00000000a5500000, 0x00000000a5500000| Untracked 
|  86|0x00000000a5600000, 0x00000000a5600000, 0x00000000a5700000|  0%| F|  |TAMS 0x00000000a5600000, 0x00000000a5600000| Untracked 
|  87|0x00000000a5700000, 0x00000000a5700000, 0x00000000a5800000|  0%| F|  |TAMS 0x00000000a5700000, 0x00000000a5700000| Untracked 
|  88|0x00000000a5800000, 0x00000000a5800000, 0x00000000a5900000|  0%| F|  |TAMS 0x00000000a5800000, 0x00000000a5800000| Untracked 
|  89|0x00000000a5900000, 0x00000000a5900000, 0x00000000a5a00000|  0%| F|  |TAMS 0x00000000a5900000, 0x00000000a5900000| Untracked 
|  90|0x00000000a5a00000, 0x00000000a5a00000, 0x00000000a5b00000|  0%| F|  |TAMS 0x00000000a5a00000, 0x00000000a5a00000| Untracked 
|  91|0x00000000a5b00000, 0x00000000a5b00000, 0x00000000a5c00000|  0%| F|  |TAMS 0x00000000a5b00000, 0x00000000a5b00000| Untracked 
|  92|0x00000000a5c00000, 0x00000000a5c00000, 0x00000000a5d00000|  0%| F|  |TAMS 0x00000000a5c00000, 0x00000000a5c00000| Untracked 
|  93|0x00000000a5d00000, 0x00000000a5d00000, 0x00000000a5e00000|  0%| F|  |TAMS 0x00000000a5d00000, 0x00000000a5d00000| Untracked 
|  94|0x00000000a5e00000, 0x00000000a5e00000, 0x00000000a5f00000|  0%| F|  |TAMS 0x00000000a5e00000, 0x00000000a5e00000| Untracked 
|  95|0x00000000a5f00000, 0x00000000a5f00000, 0x00000000a6000000|  0%| F|  |TAMS 0x00000000a5f00000, 0x00000000a5f00000| Untracked 
|  96|0x00000000a6000000, 0x00000000a6000000, 0x00000000a6100000|  0%| F|  |TAMS 0x00000000a6000000, 0x00000000a6000000| Untracked 
|  97|0x00000000a6100000, 0x00000000a6100000, 0x00000000a6200000|  0%| F|  |TAMS 0x00000000a6100000, 0x00000000a6100000| Untracked 
|  98|0x00000000a6200000, 0x00000000a6200000, 0x00000000a6300000|  0%| F|  |TAMS 0x00000000a6200000, 0x00000000a6200000| Untracked 
|  99|0x00000000a6300000, 0x00000000a6300000, 0x00000000a6400000|  0%| F|  |TAMS 0x00000000a6300000, 0x00000000a6300000| Untracked 
| 100|0x00000000a6400000, 0x00000000a6400000, 0x00000000a6500000|  0%| F|  |TAMS 0x00000000a6400000, 0x00000000a6400000| Untracked 
| 101|0x00000000a6500000, 0x00000000a6500000, 0x00000000a6600000|  0%| F|  |TAMS 0x00000000a6500000, 0x00000000a6500000| Untracked 
| 102|0x00000000a6600000, 0x00000000a6600000, 0x00000000a6700000|  0%| F|  |TAMS 0x00000000a6600000, 0x00000000a6600000| Untracked 
| 103|0x00000000a6700000, 0x00000000a6700000, 0x00000000a6800000|  0%| F|  |TAMS 0x00000000a6700000, 0x00000000a6700000| Untracked 
| 104|0x00000000a6800000, 0x00000000a6800000, 0x00000000a6900000|  0%| F|  |TAMS 0x00000000a6800000, 0x00000000a6800000| Untracked 
| 105|0x00000000a6900000, 0x00000000a6900000, 0x00000000a6a00000|  0%| F|  |TAMS 0x00000000a6900000, 0x00000000a6900000| Untracked 
| 106|0x00000000a6a00000, 0x00000000a6a00000, 0x00000000a6b00000|  0%| F|  |TAMS 0x00000000a6a00000, 0x00000000a6a00000| Untracked 
| 107|0x00000000a6b00000, 0x00000000a6b00000, 0x00000000a6c00000|  0%| F|  |TAMS 0x00000000a6b00000, 0x00000000a6b00000| Untracked 
| 108|0x00000000a6c00000, 0x00000000a6c00000, 0x00000000a6d00000|  0%| F|  |TAMS 0x00000000a6c00000, 0x00000000a6c00000| Untracked 
| 109|0x00000000a6d00000, 0x00000000a6d00000, 0x00000000a6e00000|  0%| F|  |TAMS 0x00000000a6d00000, 0x00000000a6d00000| Untracked 
| 110|0x00000000a6e00000, 0x00000000a6e00000, 0x00000000a6f00000|  0%| F|  |TAMS 0x00000000a6e00000, 0x00000000a6e00000| Untracked 
| 111|0x00000000a6f00000, 0x00000000a6f00000, 0x00000000a7000000|  0%| F|  |TAMS 0x00000000a6f00000, 0x00000000a6f00000| Untracked 
| 112|0x00000000a7000000, 0x00000000a7000000, 0x00000000a7100000|  0%| F|  |TAMS 0x00000000a7000000, 0x00000000a7000000| Untracked 
| 113|0x00000000a7100000, 0x00000000a7200000, 0x00000000a7200000|100%| S|CS|TAMS 0x00000000a7100000, 0x00000000a7100000| Complete 
| 114|0x00000000a7200000, 0x00000000a7300000, 0x00000000a7300000|100%| S|CS|TAMS 0x00000000a7200000, 0x00000000a7200000| Complete 
| 115|0x00000000a7300000, 0x00000000a7400000, 0x00000000a7400000|100%| S|CS|TAMS 0x00000000a7300000, 0x00000000a7300000| Complete 
| 116|0x00000000a7400000, 0x00000000a7500000, 0x00000000a7500000|100%| S|CS|TAMS 0x00000000a7400000, 0x00000000a7400000| Complete 
| 117|0x00000000a7500000, 0x00000000a7600000, 0x00000000a7600000|100%| S|CS|TAMS 0x00000000a7500000, 0x00000000a7500000| Complete 
| 118|0x00000000a7600000, 0x00000000a7700000, 0x00000000a7700000|100%| S|CS|TAMS 0x00000000a7600000, 0x00000000a7600000| Complete 
| 119|0x00000000a7700000, 0x00000000a7800000, 0x00000000a7800000|100%| S|CS|TAMS 0x00000000a7700000, 0x00000000a7700000| Complete 
| 120|0x00000000a7800000, 0x00000000a7900000, 0x00000000a7900000|100%| S|CS|TAMS 0x00000000a7800000, 0x00000000a7800000| Complete 
| 121|0x00000000a7900000, 0x00000000a7a00000, 0x00000000a7a00000|100%| S|CS|TAMS 0x00000000a7900000, 0x00000000a7900000| Complete 
| 122|0x00000000a7a00000, 0x00000000a7b00000, 0x00000000a7b00000|100%| S|CS|TAMS 0x00000000a7a00000, 0x00000000a7a00000| Complete 
| 123|0x00000000a7b00000, 0x00000000a7c00000, 0x00000000a7c00000|100%| S|CS|TAMS 0x00000000a7b00000, 0x00000000a7b00000| Complete 
| 124|0x00000000a7c00000, 0x00000000a7d00000, 0x00000000a7d00000|100%| S|CS|TAMS 0x00000000a7c00000, 0x00000000a7c00000| Complete 
| 125|0x00000000a7d00000, 0x00000000a7e00000, 0x00000000a7e00000|100%| S|CS|TAMS 0x00000000a7d00000, 0x00000000a7d00000| Complete 
| 126|0x00000000a7e00000, 0x00000000a7f00000, 0x00000000a7f00000|100%| S|CS|TAMS 0x00000000a7e00000, 0x00000000a7e00000| Complete 
| 127|0x00000000a7f00000, 0x00000000a8000000, 0x00000000a8000000|100%| S|CS|TAMS 0x00000000a7f00000, 0x00000000a7f00000| Complete 
| 128|0x00000000a8000000, 0x00000000a8100000, 0x00000000a8100000|100%| S|CS|TAMS 0x00000000a8000000, 0x00000000a8000000| Complete 
| 129|0x00000000a8100000, 0x00000000a8200000, 0x00000000a8200000|100%| S|CS|TAMS 0x00000000a8100000, 0x00000000a8100000| Complete 
| 130|0x00000000a8200000, 0x00000000a8300000, 0x00000000a8300000|100%| S|CS|TAMS 0x00000000a8200000, 0x00000000a8200000| Complete 
| 131|0x00000000a8300000, 0x00000000a8400000, 0x00000000a8400000|100%| S|CS|TAMS 0x00000000a8300000, 0x00000000a8300000| Complete 
| 132|0x00000000a8400000, 0x00000000a8400000, 0x00000000a8500000|  0%| F|  |TAMS 0x00000000a8400000, 0x00000000a8400000| Untracked 
| 133|0x00000000a8500000, 0x00000000a8500000, 0x00000000a8600000|  0%| F|  |TAMS 0x00000000a8500000, 0x00000000a8500000| Untracked 
| 134|0x00000000a8600000, 0x00000000a8600000, 0x00000000a8700000|  0%| F|  |TAMS 0x00000000a8600000, 0x00000000a8600000| Untracked 
| 135|0x00000000a8700000, 0x00000000a8700000, 0x00000000a8800000|  0%| F|  |TAMS 0x00000000a8700000, 0x00000000a8700000| Untracked 
| 136|0x00000000a8800000, 0x00000000a8800000, 0x00000000a8900000|  0%| F|  |TAMS 0x00000000a8800000, 0x00000000a8800000| Untracked 
| 137|0x00000000a8900000, 0x00000000a8900000, 0x00000000a8a00000|  0%| F|  |TAMS 0x00000000a8900000, 0x00000000a8900000| Untracked 
| 138|0x00000000a8a00000, 0x00000000a8a00000, 0x00000000a8b00000|  0%| F|  |TAMS 0x00000000a8a00000, 0x00000000a8a00000| Untracked 
| 139|0x00000000a8b00000, 0x00000000a8b00000, 0x00000000a8c00000|  0%| F|  |TAMS 0x00000000a8b00000, 0x00000000a8b00000| Untracked 
| 140|0x00000000a8c00000, 0x00000000a8c00000, 0x00000000a8d00000|  0%| F|  |TAMS 0x00000000a8c00000, 0x00000000a8c00000| Untracked 
| 141|0x00000000a8d00000, 0x00000000a8d00000, 0x00000000a8e00000|  0%| F|  |TAMS 0x00000000a8d00000, 0x00000000a8d00000| Untracked 
| 142|0x00000000a8e00000, 0x00000000a8e00000, 0x00000000a8f00000|  0%| F|  |TAMS 0x00000000a8e00000, 0x00000000a8e00000| Untracked 
| 143|0x00000000a8f00000, 0x00000000a8f00000, 0x00000000a9000000|  0%| F|  |TAMS 0x00000000a8f00000, 0x00000000a8f00000| Untracked 
| 144|0x00000000a9000000, 0x00000000a9000000, 0x00000000a9100000|  0%| F|  |TAMS 0x00000000a9000000, 0x00000000a9000000| Untracked 
| 145|0x00000000a9100000, 0x00000000a9100000, 0x00000000a9200000|  0%| F|  |TAMS 0x00000000a9100000, 0x00000000a9100000| Untracked 
| 146|0x00000000a9200000, 0x00000000a9200000, 0x00000000a9300000|  0%| F|  |TAMS 0x00000000a9200000, 0x00000000a9200000| Untracked 
| 147|0x00000000a9300000, 0x00000000a9300000, 0x00000000a9400000|  0%| F|  |TAMS 0x00000000a9300000, 0x00000000a9300000| Untracked 
| 148|0x00000000a9400000, 0x00000000a9400000, 0x00000000a9500000|  0%| F|  |TAMS 0x00000000a9400000, 0x00000000a9400000| Untracked 
| 149|0x00000000a9500000, 0x00000000a9500000, 0x00000000a9600000|  0%| F|  |TAMS 0x00000000a9500000, 0x00000000a9500000| Untracked 
| 150|0x00000000a9600000, 0x00000000a9600000, 0x00000000a9700000|  0%| F|  |TAMS 0x00000000a9600000, 0x00000000a9600000| Untracked 
| 151|0x00000000a9700000, 0x00000000a9700000, 0x00000000a9800000|  0%| F|  |TAMS 0x00000000a9700000, 0x00000000a9700000| Untracked 
| 152|0x00000000a9800000, 0x00000000a9800000, 0x00000000a9900000|  0%| F|  |TAMS 0x00000000a9800000, 0x00000000a9800000| Untracked 
| 153|0x00000000a9900000, 0x00000000a9900000, 0x00000000a9a00000|  0%| F|  |TAMS 0x00000000a9900000, 0x00000000a9900000| Untracked 
| 154|0x00000000a9a00000, 0x00000000a9a00000, 0x00000000a9b00000|  0%| F|  |TAMS 0x00000000a9a00000, 0x00000000a9a00000| Untracked 
| 155|0x00000000a9b00000, 0x00000000a9b00000, 0x00000000a9c00000|  0%| F|  |TAMS 0x00000000a9b00000, 0x00000000a9b00000| Untracked 
| 156|0x00000000a9c00000, 0x00000000a9c00000, 0x00000000a9d00000|  0%| F|  |TAMS 0x00000000a9c00000, 0x00000000a9c00000| Untracked 
| 157|0x00000000a9d00000, 0x00000000a9d00000, 0x00000000a9e00000|  0%| F|  |TAMS 0x00000000a9d00000, 0x00000000a9d00000| Untracked 
| 158|0x00000000a9e00000, 0x00000000a9e00000, 0x00000000a9f00000|  0%| F|  |TAMS 0x00000000a9e00000, 0x00000000a9e00000| Untracked 
| 159|0x00000000a9f00000, 0x00000000a9f00000, 0x00000000aa000000|  0%| F|  |TAMS 0x00000000a9f00000, 0x00000000a9f00000| Untracked 
| 160|0x00000000aa000000, 0x00000000aa000000, 0x00000000aa100000|  0%| F|  |TAMS 0x00000000aa000000, 0x00000000aa000000| Untracked 
| 161|0x00000000aa100000, 0x00000000aa100000, 0x00000000aa200000|  0%| F|  |TAMS 0x00000000aa100000, 0x00000000aa100000| Untracked 
| 162|0x00000000aa200000, 0x00000000aa300000, 0x00000000aa300000|100%| E|  |TAMS 0x00000000aa200000, 0x00000000aa200000| Complete 
| 163|0x00000000aa300000, 0x00000000aa400000, 0x00000000aa400000|100%| E|CS|TAMS 0x00000000aa300000, 0x00000000aa300000| Complete 
| 164|0x00000000aa400000, 0x00000000aa500000, 0x00000000aa500000|100%| E|CS|TAMS 0x00000000aa400000, 0x00000000aa400000| Complete 
| 165|0x00000000aa500000, 0x00000000aa600000, 0x00000000aa600000|100%| E|CS|TAMS 0x00000000aa500000, 0x00000000aa500000| Complete 
| 166|0x00000000aa600000, 0x00000000aa700000, 0x00000000aa700000|100%| E|CS|TAMS 0x00000000aa600000, 0x00000000aa600000| Complete 
| 167|0x00000000aa700000, 0x00000000aa800000, 0x00000000aa800000|100%| E|CS|TAMS 0x00000000aa700000, 0x00000000aa700000| Complete 
| 168|0x00000000aa800000, 0x00000000aa900000, 0x00000000aa900000|100%| E|CS|TAMS 0x00000000aa800000, 0x00000000aa800000| Complete 
| 169|0x00000000aa900000, 0x00000000aaa00000, 0x00000000aaa00000|100%| E|CS|TAMS 0x00000000aa900000, 0x00000000aa900000| Complete 
| 170|0x00000000aaa00000, 0x00000000aab00000, 0x00000000aab00000|100%| E|CS|TAMS 0x00000000aaa00000, 0x00000000aaa00000| Complete 
| 171|0x00000000aab00000, 0x00000000aac00000, 0x00000000aac00000|100%| E|CS|TAMS 0x00000000aab00000, 0x00000000aab00000| Complete 
| 172|0x00000000aac00000, 0x00000000aad00000, 0x00000000aad00000|100%| E|CS|TAMS 0x00000000aac00000, 0x00000000aac00000| Complete 
| 173|0x00000000aad00000, 0x00000000aae00000, 0x00000000aae00000|100%| E|CS|TAMS 0x00000000aad00000, 0x00000000aad00000| Complete 
| 174|0x00000000aae00000, 0x00000000aaf00000, 0x00000000aaf00000|100%| E|CS|TAMS 0x00000000aae00000, 0x00000000aae00000| Complete 
| 175|0x00000000aaf00000, 0x00000000ab000000, 0x00000000ab000000|100%| E|CS|TAMS 0x00000000aaf00000, 0x00000000aaf00000| Complete 
| 176|0x00000000ab000000, 0x00000000ab100000, 0x00000000ab100000|100%| E|CS|TAMS 0x00000000ab000000, 0x00000000ab000000| Complete 
| 177|0x00000000ab100000, 0x00000000ab200000, 0x00000000ab200000|100%| E|CS|TAMS 0x00000000ab100000, 0x00000000ab100000| Complete 
| 178|0x00000000ab200000, 0x00000000ab300000, 0x00000000ab300000|100%| E|CS|TAMS 0x00000000ab200000, 0x00000000ab200000| Complete 
| 179|0x00000000ab300000, 0x00000000ab400000, 0x00000000ab400000|100%| E|CS|TAMS 0x00000000ab300000, 0x00000000ab300000| Complete 
| 180|0x00000000ab400000, 0x00000000ab500000, 0x00000000ab500000|100%| E|CS|TAMS 0x00000000ab400000, 0x00000000ab400000| Complete 
| 181|0x00000000ab500000, 0x00000000ab600000, 0x00000000ab600000|100%| E|CS|TAMS 0x00000000ab500000, 0x00000000ab500000| Complete 
| 182|0x00000000ab600000, 0x00000000ab700000, 0x00000000ab700000|100%| E|CS|TAMS 0x00000000ab600000, 0x00000000ab600000| Complete 
| 183|0x00000000ab700000, 0x00000000ab800000, 0x00000000ab800000|100%| E|CS|TAMS 0x00000000ab700000, 0x00000000ab700000| Complete 
| 184|0x00000000ab800000, 0x00000000ab900000, 0x00000000ab900000|100%| E|CS|TAMS 0x00000000ab800000, 0x00000000ab800000| Complete 
| 185|0x00000000ab900000, 0x00000000aba00000, 0x00000000aba00000|100%| E|CS|TAMS 0x00000000ab900000, 0x00000000ab900000| Complete 
| 186|0x00000000aba00000, 0x00000000abb00000, 0x00000000abb00000|100%| E|CS|TAMS 0x00000000aba00000, 0x00000000aba00000| Complete 
| 187|0x00000000abb00000, 0x00000000abc00000, 0x00000000abc00000|100%| E|CS|TAMS 0x00000000abb00000, 0x00000000abb00000| Complete 
| 188|0x00000000abc00000, 0x00000000abd00000, 0x00000000abd00000|100%| E|CS|TAMS 0x00000000abc00000, 0x00000000abc00000| Complete 
| 189|0x00000000abd00000, 0x00000000abe00000, 0x00000000abe00000|100%| E|CS|TAMS 0x00000000abd00000, 0x00000000abd00000| Complete 
| 190|0x00000000abe00000, 0x00000000abf00000, 0x00000000abf00000|100%| E|CS|TAMS 0x00000000abe00000, 0x00000000abe00000| Complete 
| 191|0x00000000abf00000, 0x00000000ac000000, 0x00000000ac000000|100%| E|CS|TAMS 0x00000000abf00000, 0x00000000abf00000| Complete 
| 192|0x00000000ac000000, 0x00000000ac100000, 0x00000000ac100000|100%| E|CS|TAMS 0x00000000ac000000, 0x00000000ac000000| Complete 
| 193|0x00000000ac100000, 0x00000000ac200000, 0x00000000ac200000|100%| E|CS|TAMS 0x00000000ac100000, 0x00000000ac100000| Complete 
| 194|0x00000000ac200000, 0x00000000ac300000, 0x00000000ac300000|100%| E|CS|TAMS 0x00000000ac200000, 0x00000000ac200000| Complete 
| 195|0x00000000ac300000, 0x00000000ac400000, 0x00000000ac400000|100%| E|CS|TAMS 0x00000000ac300000, 0x00000000ac300000| Complete 
| 196|0x00000000ac400000, 0x00000000ac500000, 0x00000000ac500000|100%| E|CS|TAMS 0x00000000ac400000, 0x00000000ac400000| Complete 
| 197|0x00000000ac500000, 0x00000000ac600000, 0x00000000ac600000|100%| E|CS|TAMS 0x00000000ac500000, 0x00000000ac500000| Complete 
| 198|0x00000000ac600000, 0x00000000ac700000, 0x00000000ac700000|100%| E|CS|TAMS 0x00000000ac600000, 0x00000000ac600000| Complete 
| 199|0x00000000ac700000, 0x00000000ac800000, 0x00000000ac800000|100%| E|CS|TAMS 0x00000000ac700000, 0x00000000ac700000| Complete 
| 200|0x00000000ac800000, 0x00000000ac900000, 0x00000000ac900000|100%| E|CS|TAMS 0x00000000ac800000, 0x00000000ac800000| Complete 
| 201|0x00000000ac900000, 0x00000000aca00000, 0x00000000aca00000|100%| E|CS|TAMS 0x00000000ac900000, 0x00000000ac900000| Complete 
| 202|0x00000000aca00000, 0x00000000acb00000, 0x00000000acb00000|100%| E|CS|TAMS 0x00000000aca00000, 0x00000000aca00000| Complete 
| 203|0x00000000acb00000, 0x00000000acc00000, 0x00000000acc00000|100%| E|CS|TAMS 0x00000000acb00000, 0x00000000acb00000| Complete 
| 204|0x00000000acc00000, 0x00000000acd00000, 0x00000000acd00000|100%| E|CS|TAMS 0x00000000acc00000, 0x00000000acc00000| Complete 
| 205|0x00000000acd00000, 0x00000000ace00000, 0x00000000ace00000|100%| E|CS|TAMS 0x00000000acd00000, 0x00000000acd00000| Complete 
| 206|0x00000000ace00000, 0x00000000acf00000, 0x00000000acf00000|100%| E|CS|TAMS 0x00000000ace00000, 0x00000000ace00000| Complete 
| 207|0x00000000acf00000, 0x00000000ad000000, 0x00000000ad000000|100%| E|CS|TAMS 0x00000000acf00000, 0x00000000acf00000| Complete 
| 208|0x00000000ad000000, 0x00000000ad100000, 0x00000000ad100000|100%| E|CS|TAMS 0x00000000ad000000, 0x00000000ad000000| Complete 
| 209|0x00000000ad100000, 0x00000000ad200000, 0x00000000ad200000|100%| E|CS|TAMS 0x00000000ad100000, 0x00000000ad100000| Complete 
| 210|0x00000000ad200000, 0x00000000ad300000, 0x00000000ad300000|100%| E|CS|TAMS 0x00000000ad200000, 0x00000000ad200000| Complete 
| 211|0x00000000ad300000, 0x00000000ad400000, 0x00000000ad400000|100%| E|CS|TAMS 0x00000000ad300000, 0x00000000ad300000| Complete 
| 212|0x00000000ad400000, 0x00000000ad500000, 0x00000000ad500000|100%| E|CS|TAMS 0x00000000ad400000, 0x00000000ad400000| Complete 
| 213|0x00000000ad500000, 0x00000000ad600000, 0x00000000ad600000|100%| E|CS|TAMS 0x00000000ad500000, 0x00000000ad500000| Complete 
| 214|0x00000000ad600000, 0x00000000ad700000, 0x00000000ad700000|100%| E|CS|TAMS 0x00000000ad600000, 0x00000000ad600000| Complete 
| 215|0x00000000ad700000, 0x00000000ad800000, 0x00000000ad800000|100%| E|CS|TAMS 0x00000000ad700000, 0x00000000ad700000| Complete 
| 216|0x00000000ad800000, 0x00000000ad900000, 0x00000000ad900000|100%| E|CS|TAMS 0x00000000ad800000, 0x00000000ad800000| Complete 
| 217|0x00000000ad900000, 0x00000000ada00000, 0x00000000ada00000|100%| E|CS|TAMS 0x00000000ad900000, 0x00000000ad900000| Complete 
| 218|0x00000000ada00000, 0x00000000adb00000, 0x00000000adb00000|100%| E|CS|TAMS 0x00000000ada00000, 0x00000000ada00000| Complete 
| 219|0x00000000adb00000, 0x00000000adc00000, 0x00000000adc00000|100%| E|CS|TAMS 0x00000000adb00000, 0x00000000adb00000| Complete 
| 220|0x00000000adc00000, 0x00000000add00000, 0x00000000add00000|100%| E|CS|TAMS 0x00000000adc00000, 0x00000000adc00000| Complete 
| 221|0x00000000add00000, 0x00000000ade00000, 0x00000000ade00000|100%| E|CS|TAMS 0x00000000add00000, 0x00000000add00000| Complete 
| 222|0x00000000ade00000, 0x00000000adf00000, 0x00000000adf00000|100%| E|CS|TAMS 0x00000000ade00000, 0x00000000ade00000| Complete 
| 223|0x00000000adf00000, 0x00000000ae000000, 0x00000000ae000000|100%| E|CS|TAMS 0x00000000adf00000, 0x00000000adf00000| Complete 
| 224|0x00000000ae000000, 0x00000000ae100000, 0x00000000ae100000|100%| E|CS|TAMS 0x00000000ae000000, 0x00000000ae000000| Complete 
| 225|0x00000000ae100000, 0x00000000ae200000, 0x00000000ae200000|100%| E|CS|TAMS 0x00000000ae100000, 0x00000000ae100000| Complete 
| 226|0x00000000ae200000, 0x00000000ae300000, 0x00000000ae300000|100%| E|CS|TAMS 0x00000000ae200000, 0x00000000ae200000| Complete 
| 227|0x00000000ae300000, 0x00000000ae400000, 0x00000000ae400000|100%| E|CS|TAMS 0x00000000ae300000, 0x00000000ae300000| Complete 
| 228|0x00000000ae400000, 0x00000000ae500000, 0x00000000ae500000|100%| E|CS|TAMS 0x00000000ae400000, 0x00000000ae400000| Complete 
| 229|0x00000000ae500000, 0x00000000ae600000, 0x00000000ae600000|100%| E|CS|TAMS 0x00000000ae500000, 0x00000000ae500000| Complete 
| 230|0x00000000ae600000, 0x00000000ae700000, 0x00000000ae700000|100%| E|CS|TAMS 0x00000000ae600000, 0x00000000ae600000| Complete 
| 231|0x00000000ae700000, 0x00000000ae800000, 0x00000000ae800000|100%| E|CS|TAMS 0x00000000ae700000, 0x00000000ae700000| Complete 
| 232|0x00000000ae800000, 0x00000000ae900000, 0x00000000ae900000|100%| E|CS|TAMS 0x00000000ae800000, 0x00000000ae800000| Complete 
| 233|0x00000000ae900000, 0x00000000aea00000, 0x00000000aea00000|100%| E|  |TAMS 0x00000000ae900000, 0x00000000ae900000| Complete 
| 234|0x00000000aea00000, 0x00000000aeb00000, 0x00000000aeb00000|100%| E|CS|TAMS 0x00000000aea00000, 0x00000000aea00000| Complete 
| 235|0x00000000aeb00000, 0x00000000aec00000, 0x00000000aec00000|100%| E|CS|TAMS 0x00000000aeb00000, 0x00000000aeb00000| Complete 
| 236|0x00000000aec00000, 0x00000000aed00000, 0x00000000aed00000|100%| E|CS|TAMS 0x00000000aec00000, 0x00000000aec00000| Complete 
| 237|0x00000000aed00000, 0x00000000aee00000, 0x00000000aee00000|100%| E|CS|TAMS 0x00000000aed00000, 0x00000000aed00000| Complete 
| 238|0x00000000aee00000, 0x00000000aef00000, 0x00000000aef00000|100%| E|CS|TAMS 0x00000000aee00000, 0x00000000aee00000| Complete 
| 239|0x00000000aef00000, 0x00000000af000000, 0x00000000af000000|100%| E|CS|TAMS 0x00000000aef00000, 0x00000000aef00000| Complete 
| 240|0x00000000af000000, 0x00000000af100000, 0x00000000af100000|100%| E|CS|TAMS 0x00000000af000000, 0x00000000af000000| Complete 
| 241|0x00000000af100000, 0x00000000af200000, 0x00000000af200000|100%| E|CS|TAMS 0x00000000af100000, 0x00000000af100000| Complete 
| 242|0x00000000af200000, 0x00000000af300000, 0x00000000af300000|100%| E|CS|TAMS 0x00000000af200000, 0x00000000af200000| Complete 
| 243|0x00000000af300000, 0x00000000af400000, 0x00000000af400000|100%| E|CS|TAMS 0x00000000af300000, 0x00000000af300000| Complete 
| 244|0x00000000af400000, 0x00000000af500000, 0x00000000af500000|100%| E|CS|TAMS 0x00000000af400000, 0x00000000af400000| Complete 
| 245|0x00000000af500000, 0x00000000af600000, 0x00000000af600000|100%| E|CS|TAMS 0x00000000af500000, 0x00000000af500000| Complete 
| 246|0x00000000af600000, 0x00000000af700000, 0x00000000af700000|100%| E|CS|TAMS 0x00000000af600000, 0x00000000af600000| Complete 
| 247|0x00000000af700000, 0x00000000af800000, 0x00000000af800000|100%| E|CS|TAMS 0x00000000af700000, 0x00000000af700000| Complete 
| 248|0x00000000af800000, 0x00000000af900000, 0x00000000af900000|100%| E|CS|TAMS 0x00000000af800000, 0x00000000af800000| Complete 
| 249|0x00000000af900000, 0x00000000afa00000, 0x00000000afa00000|100%| E|CS|TAMS 0x00000000af900000, 0x00000000af900000| Complete 
| 250|0x00000000afa00000, 0x00000000afb00000, 0x00000000afb00000|100%| E|CS|TAMS 0x00000000afa00000, 0x00000000afa00000| Complete 
| 251|0x00000000afb00000, 0x00000000afc00000, 0x00000000afc00000|100%| E|CS|TAMS 0x00000000afb00000, 0x00000000afb00000| Complete 

Card table byte_map: [0x0000029b797d0000,0x0000029b79ad0000] _byte_map_base: 0x0000029b792d0000

Marking Bits (Prev, Next): (CMBitMap*) 0x0000029b64c14af0, (CMBitMap*) 0x0000029b64c14ab8
 Prev Bits: [0x0000029b7b5d0000, 0x0000029b7cdd0000)
 Next Bits: [0x0000029b79dd0000, 0x0000029b7b5d0000)

Polling page: 0x0000029b64a80000

Metaspace:

Usage:
  Non-class:     57.18 MB capacity,    56.10 MB ( 98%) used,   935.42 KB (  2%) free+waste,   164.19 KB ( <1%) overhead. 
      Class:      8.63 MB capacity,     8.09 MB ( 94%) used,   473.11 KB (  5%) free+waste,    76.00 KB ( <1%) overhead. 
       Both:     65.81 MB capacity,    64.20 MB ( 98%) used,     1.38 MB (  2%) free+waste,   240.19 KB ( <1%) overhead. 

Virtual space:
  Non-class space:       58.00 MB reserved,      57.38 MB ( 99%) committed 
      Class space:        1.00 GB reserved,       8.70 MB ( <1%) committed 
             Both:        1.06 GB reserved,      66.08 MB (  6%) committed 

Chunk freelists:
   Non-Class:  18.00 KB
       Class:  0 bytes
        Both:  18.00 KB

MaxMetaspaceSize: 17179869184.00 GB
CompressedClassSpaceSize: 1.00 GB

CodeHeap 'non-profiled nmethods': size=120064Kb used=3943Kb max_used=3943Kb free=116120Kb
 bounds [0x0000029b71970000, 0x0000029b71d50000, 0x0000029b78eb0000]
CodeHeap 'profiled nmethods': size=120000Kb used=14504Kb max_used=14504Kb free=105495Kb
 bounds [0x0000029b6a440000, 0x0000029b6b270000, 0x0000029b71970000]
CodeHeap 'non-nmethods': size=5696Kb used=2262Kb max_used=2300Kb free=3433Kb
 bounds [0x0000029b69eb0000, 0x0000029b6a120000, 0x0000029b6a440000]
 total_blobs=7602 nmethods=6749 adapters=764
 compilation: enabled
              stopped_count=0, restarted_count=0
 full_count=0

Compilation events (20 events):
Event: 19.214 Thread 0x0000029b00086000 6760       3       org.codehaus.groovy.reflection.stdclasses.CachedSAMClass::isAssignableFrom (30 bytes)
Event: 19.215 Thread 0x0000029b00086000 nmethod 6760 0x0000029b6b25ee10 code [0x0000029b6b25efe0, 0x0000029b6b25f2f8]
Event: 19.215 Thread 0x0000029b00086000 6761       3       groovy.lang.MetaClassImpl::inheritInterfaceNewMetaMethods (195 bytes)
Event: 19.217 Thread 0x0000029b00086000 nmethod 6761 0x0000029b6b25f410 code [0x0000029b6b25f760, 0x0000029b6b260bc8]
Event: 19.224 Thread 0x0000029b00086000 6762       3       java.util.LinkedList::addFirst (6 bytes)
Event: 19.224 Thread 0x0000029b00086000 nmethod 6762 0x0000029b6b261310 code [0x0000029b6b2614c0, 0x0000029b6b2615e8]
Event: 19.227 Thread 0x0000029b00086000 6763       3       groovyjarjarasm.asm.SymbolTable::addConstantUtf8 (98 bytes)
Event: 19.228 Thread 0x0000029b00086000 nmethod 6763 0x0000029b6b261690 code [0x0000029b6b2618e0, 0x0000029b6b261f78]
Event: 19.229 Thread 0x0000029b00086000 6764       3       groovyjarjarasm.asm.ByteVector::putShort (52 bytes)
Event: 19.229 Thread 0x0000029b00086000 nmethod 6764 0x0000029b6b262310 code [0x0000029b6b2624e0, 0x0000029b6b2626e8]
Event: 19.229 Thread 0x0000029b00086000 6765       3       groovyjarjarasm.asm.Frame::push (109 bytes)
Event: 19.230 Thread 0x0000029b00086000 nmethod 6765 0x0000029b6b262810 code [0x0000029b6b262a00, 0x0000029b6b262f68]
Event: 19.236 Thread 0x0000029b00086000 6766       3       java.util.Spliterators::checkFromToBounds (74 bytes)
Event: 19.237 Thread 0x0000029b00086000 nmethod 6766 0x0000029b6b263110 code [0x0000029b6b2633e0, 0x0000029b6b264068]
Event: 19.241 Thread 0x0000029b05343800 nmethod 6523% 0x0000029b71d3ca10 code [0x0000029b71d3cec0, 0x0000029b71d437e0]
Event: 19.243 Thread 0x0000029b05343800 6751       4       java.lang.String::getBytes (44 bytes)
Event: 19.246 Thread 0x0000029b05343800 nmethod 6751 0x0000029b71d46f90 code [0x0000029b71d47120, 0x0000029b71d47318]
Event: 19.246 Thread 0x0000029b05343800 6753       4       java.lang.AbstractStringBuilder::append (45 bytes)
Event: 19.259 Thread 0x0000029b05343800 nmethod 6753 0x0000029b71d47490 code [0x0000029b71d47660, 0x0000029b71d47cf8]
Event: 19.259 Thread 0x0000029b05343800 6743       4       java.util.Arrays::binarySearch0 (95 bytes)

GC Heap History (18 events):
Event: 1.210 GC heap before
{Heap before GC invocations=0 (full 0):
 garbage-first heap   total 258048K, used 17408K [0x00000000a0000000, 0x0000000100000000)
  region size 1024K, 14 young (14336K), 0 survivors (0K)
 Metaspace       used 6797K, capacity 7001K, committed 7168K, reserved 1056768K
  class space    used 585K, capacity 650K, committed 768K, reserved 1048576K
}
Event: 1.217 GC heap after
{Heap after GC invocations=1 (full 0):
 garbage-first heap   total 258048K, used 4541K [0x00000000a0000000, 0x0000000100000000)
  region size 1024K, 2 young (2048K), 2 survivors (2048K)
 Metaspace       used 6797K, capacity 7001K, committed 7168K, reserved 1056768K
  class space    used 585K, capacity 650K, committed 768K, reserved 1048576K
}
Event: 1.916 GC heap before
{Heap before GC invocations=1 (full 0):
 garbage-first heap   total 258048K, used 19901K [0x00000000a0000000, 0x0000000100000000)
  region size 1024K, 14 young (14336K), 2 survivors (2048K)
 Metaspace       used 9955K, capacity 10194K, committed 10368K, reserved 1058816K
  class space    used 1030K, capacity 1102K, committed 1152K, reserved 1048576K
}
Event: 1.926 GC heap after
{Heap after GC invocations=2 (full 0):
 garbage-first heap   total 258048K, used 9261K [0x00000000a0000000, 0x0000000100000000)
  region size 1024K, 2 young (2048K), 2 survivors (2048K)
 Metaspace       used 9955K, capacity 10194K, committed 10368K, reserved 1058816K
  class space    used 1030K, capacity 1102K, committed 1152K, reserved 1048576K
}
Event: 2.631 GC heap before
{Heap before GC invocations=2 (full 0):
 garbage-first heap   total 258048K, used 38957K [0x00000000a0000000, 0x0000000100000000)
  region size 1024K, 31 young (31744K), 2 survivors (2048K)
 Metaspace       used 10926K, capacity 11149K, committed 11264K, reserved 1058816K
  class space    used 1132K, capacity 1207K, committed 1280K, reserved 1048576K
}
Event: 2.635 GC heap after
{Heap after GC invocations=3 (full 0):
 garbage-first heap   total 258048K, used 11606K [0x00000000a0000000, 0x0000000100000000)
  region size 1024K, 3 young (3072K), 3 survivors (3072K)
 Metaspace       used 10926K, capacity 11149K, committed 11264K, reserved 1058816K
  class space    used 1132K, capacity 1207K, committed 1280K, reserved 1048576K
}
Event: 4.453 GC heap before
{Heap before GC invocations=3 (full 0):
 garbage-first heap   total 258048K, used 54614K [0x00000000a0000000, 0x0000000100000000)
  region size 1024K, 46 young (47104K), 3 survivors (3072K)
 Metaspace       used 17682K, capacity 18066K, committed 18176K, reserved 1064960K
  class space    used 2085K, capacity 2217K, committed 2304K, reserved 1048576K
}
Event: 4.460 GC heap after
{Heap after GC invocations=4 (full 0):
 garbage-first heap   total 258048K, used 15900K [0x00000000a0000000, 0x0000000100000000)
  region size 1024K, 6 young (6144K), 6 survivors (6144K)
 Metaspace       used 17682K, capacity 18066K, committed 18176K, reserved 1064960K
  class space    used 2085K, capacity 2217K, committed 2304K, reserved 1048576K
}
Event: 4.923 GC heap before
{Heap before GC invocations=4 (full 0):
 garbage-first heap   total 258048K, used 41500K [0x00000000a0000000, 0x0000000100000000)
  region size 1024K, 32 young (32768K), 6 survivors (6144K)
 Metaspace       used 20685K, capacity 21114K, committed 21296K, reserved 1069056K
  class space    used 2531K, capacity 2658K, committed 2688K, reserved 1048576K
}
Event: 4.930 GC heap after
{Heap after GC invocations=5 (full 0):
 garbage-first heap   total 258048K, used 17051K [0x00000000a0000000, 0x0000000100000000)
  region size 1024K, 8 young (8192K), 8 survivors (8192K)
 Metaspace       used 20685K, capacity 21114K, committed 21296K, reserved 1069056K
  class space    used 2531K, capacity 2658K, committed 2688K, reserved 1048576K
}
Event: 6.129 GC heap before
{Heap before GC invocations=6 (full 0):
 garbage-first heap   total 258048K, used 72347K [0x00000000a0000000, 0x0000000100000000)
  region size 1024K, 62 young (63488K), 8 survivors (8192K)
 Metaspace       used 26217K, capacity 26777K, committed 27008K, reserved 1073152K
  class space    used 3424K, capacity 3616K, committed 3712K, reserved 1048576K
}
Event: 6.139 GC heap after
{Heap after GC invocations=7 (full 0):
 garbage-first heap   total 258048K, used 19256K [0x00000000a0000000, 0x0000000100000000)
  region size 1024K, 4 young (4096K), 4 survivors (4096K)
 Metaspace       used 26217K, capacity 26777K, committed 27008K, reserved 1073152K
  class space    used 3424K, capacity 3616K, committed 3712K, reserved 1048576K
}
Event: 7.438 GC heap before
{Heap before GC invocations=7 (full 0):
 garbage-first heap   total 258048K, used 78648K [0x00000000a0000000, 0x0000000100000000)
  region size 1024K, 63 young (64512K), 4 survivors (4096K)
 Metaspace       used 35091K, capacity 35866K, committed 36048K, reserved 1081344K
  class space    used 4555K, capacity 4863K, committed 4864K, reserved 1048576K
}
Event: 7.450 GC heap after
{Heap after GC invocations=8 (full 0):
 garbage-first heap   total 258048K, used 22758K [0x00000000a0000000, 0x0000000100000000)
  region size 1024K, 7 young (7168K), 7 survivors (7168K)
 Metaspace       used 35091K, capacity 35866K, committed 36048K, reserved 1081344K
  class space    used 4555K, capacity 4863K, committed 4864K, reserved 1048576K
}
Event: 10.877 GC heap before
{Heap before GC invocations=9 (full 0):
 garbage-first heap   total 258048K, used 173286K [0x00000000a0000000, 0x0000000100000000)
  region size 1024K, 151 young (154624K), 7 survivors (7168K)
 Metaspace       used 47010K, capacity 48211K, committed 48464K, reserved 1091584K
  class space    used 6001K, capacity 6428K, committed 6528K, reserved 1048576K
}
Event: 10.900 GC heap after
{Heap after GC invocations=10 (full 0):
 garbage-first heap   total 258048K, used 31074K [0x00000000a0000000, 0x0000000100000000)
  region size 1024K, 15 young (15360K), 15 survivors (15360K)
 Metaspace       used 47010K, capacity 48211K, committed 48464K, reserved 1091584K
  class space    used 6001K, capacity 6428K, committed 6528K, reserved 1048576K
}
Event: 15.716 GC heap before
{Heap before GC invocations=10 (full 0):
 garbage-first heap   total 258048K, used 157026K [0x00000000a0000000, 0x0000000100000000)
  region size 1024K, 135 young (138240K), 15 survivors (15360K)
 Metaspace       used 58691K, capacity 60162K, committed 60296K, reserved 1101824K
  class space    used 7390K, capacity 7919K, committed 7936K, reserved 1048576K
}
Event: 15.771 GC heap after
{Heap after GC invocations=11 (full 0):
 garbage-first heap   total 258048K, used 46749K [0x00000000a0000000, 0x0000000100000000)
  region size 1024K, 19 young (19456K), 19 survivors (19456K)
 Metaspace       used 58691K, capacity 60162K, committed 60296K, reserved 1101824K
  class space    used 7390K, capacity 7919K, committed 7936K, reserved 1048576K
}

Deoptimization events (20 events):
Event: 18.638 Thread 0x0000029b02056000 Uncommon trap: trap_request=0xffffff4d fr.pc=0x0000029b719a6ba8 relative=0x0000000000000468
Event: 18.638 Thread 0x0000029b02056000 Uncommon trap: reason=unstable_if action=reinterpret pc=0x0000029b719a6ba8 method=java.lang.AbstractStringBuilder.putStringAt(ILjava/lang/String;)V @ 8 c2
Event: 18.638 Thread 0x0000029b02056000 DEOPT PACKING pc=0x0000029b719a6ba8 sp=0x000000c4e8df6400
Event: 18.638 Thread 0x0000029b02056000 DEOPT UNPACKING pc=0x0000029b69ed662f sp=0x000000c4e8df6360 mode 2
Event: 18.638 Thread 0x0000029b02056000 Uncommon trap: trap_request=0xffffff4d fr.pc=0x0000029b719bb56c relative=0x00000000000000cc
Event: 18.638 Thread 0x0000029b02056000 Uncommon trap: reason=unstable_if action=reinterpret pc=0x0000029b719bb56c method=java.lang.String.getBytes([BIB)V @ 5 c2
Event: 18.638 Thread 0x0000029b02056000 DEOPT PACKING pc=0x0000029b719bb56c sp=0x000000c4e8df6310
Event: 18.638 Thread 0x0000029b02056000 DEOPT UNPACKING pc=0x0000029b69ed662f sp=0x000000c4e8df62d8 mode 2
Event: 18.949 Thread 0x0000029b02056000 Uncommon trap: trap_request=0xffffff4d fr.pc=0x0000029b71bea9f0 relative=0x0000000000000bb0
Event: 18.949 Thread 0x0000029b02056000 Uncommon trap: reason=unstable_if action=reinterpret pc=0x0000029b71bea9f0 method=java.lang.ClassLoader.loadClass(Ljava/lang/String;Z)Ljava/lang/Class; @ 29 c2
Event: 18.949 Thread 0x0000029b02056000 DEOPT PACKING pc=0x0000029b71bea9f0 sp=0x000000c4e8df6c70
Event: 18.949 Thread 0x0000029b02056000 DEOPT UNPACKING pc=0x0000029b69ed662f sp=0x000000c4e8df6c38 mode 2
Event: 18.968 Thread 0x0000029b02056000 Uncommon trap: trap_request=0xffffff4d fr.pc=0x0000029b71acf7b0 relative=0x0000000000000950
Event: 18.968 Thread 0x0000029b02056000 Uncommon trap: reason=unstable_if action=reinterpret pc=0x0000029b71acf7b0 method=java.util.WeakHashMap.eq(Ljava/lang/Object;Ljava/lang/Object;)Z @ 2 c2
Event: 18.968 Thread 0x0000029b02056000 DEOPT PACKING pc=0x0000029b71acf7b0 sp=0x000000c4e8df6c10
Event: 18.968 Thread 0x0000029b02056000 DEOPT UNPACKING pc=0x0000029b69ed662f sp=0x000000c4e8df6b80 mode 2
Event: 19.131 Thread 0x0000029b02056000 Uncommon trap: trap_request=0xffffff4d fr.pc=0x0000029b71b0fe80 relative=0x0000000000000340
Event: 19.131 Thread 0x0000029b02056000 Uncommon trap: reason=unstable_if action=reinterpret pc=0x0000029b71b0fe80 method=java.util.StringJoiner.add(Ljava/lang/CharSequence;)Ljava/util/StringJoiner; @ 33 c2
Event: 19.131 Thread 0x0000029b02056000 DEOPT PACKING pc=0x0000029b71b0fe80 sp=0x000000c4e8df5800
Event: 19.131 Thread 0x0000029b02056000 DEOPT UNPACKING pc=0x0000029b69ed662f sp=0x000000c4e8df57b0 mode 2

Classes redefined (0 events):
No events

Internal exceptions (20 events):
Event: 18.963 Thread 0x0000029b02056000 Exception <a 'java/lang/ClassNotFoundException'{0x00000000ab210208}: org/gradle/api/internal/plugins/DefaultPluginContainerBeanInfo> (0x00000000ab210208) thrown at [./src/hotspot/share/classfile/systemDictionary.cpp, line 231]
Event: 18.964 Thread 0x0000029b02056000 Exception <a 'java/lang/ClassNotFoundException'{0x00000000ab241940}: org/gradle/api/internal/plugins/DefaultPluginCollectionBeanInfo> (0x00000000ab241940) thrown at [./src/hotspot/share/classfile/systemDictionary.cpp, line 231]
Event: 18.965 Thread 0x0000029b02056000 Exception <a 'java/lang/ClassNotFoundException'{0x00000000ab270308}: org/gradle/api/internal/DefaultDomainObjectSetBeanInfo> (0x00000000ab270308) thrown at [./src/hotspot/share/classfile/systemDictionary.cpp, line 231]
Event: 18.966 Thread 0x0000029b02056000 Exception <a 'java/lang/ClassNotFoundException'{0x00000000ab29f0d0}: org/gradle/api/internal/DefaultDomainObjectSetCustomizer> (0x00000000ab29f0d0) thrown at [./src/hotspot/share/classfile/systemDictionary.cpp, line 231]
Event: 18.968 Thread 0x0000029b02056000 Exception <a 'java/lang/ClassNotFoundException'{0x00000000ab2ddca8}: org/gradle/api/internal/plugins/DefaultPluginCollectionCustomizer> (0x00000000ab2ddca8) thrown at [./src/hotspot/share/classfile/systemDictionary.cpp, line 231]
Event: 18.972 Thread 0x0000029b02056000 Exception <a 'java/lang/ClassNotFoundException'{0x00000000ab134790}: org/gradle/api/internal/plugins/DefaultPluginContainerCustomizer> (0x00000000ab134790) thrown at [./src/hotspot/share/classfile/systemDictionary.cpp, line 231]
Event: 19.118 Thread 0x0000029b02056000 Exception <a 'java/lang/ClassNotFoundException'{0x00000000aaebd428}: com/android/build/gradle/internal/dsl/BaseAppModuleExtension_DecoratedBeanInfo> (0x00000000aaebd428) thrown at [./src/hotspot/share/classfile/systemDictionary.cpp, line 231]
Event: 19.119 Thread 0x0000029b02056000 Exception <a 'java/lang/ClassNotFoundException'{0x00000000aaed8620}: com/android/build/gradle/internal/dsl/BaseAppModuleExtensionBeanInfo> (0x00000000aaed8620) thrown at [./src/hotspot/share/classfile/systemDictionary.cpp, line 231]
Event: 19.120 Thread 0x0000029b02056000 Exception <a 'java/lang/ClassNotFoundException'{0x00000000aaeefa00}: com/android/build/gradle/AppExtensionBeanInfo> (0x00000000aaeefa00) thrown at [./src/hotspot/share/classfile/systemDictionary.cpp, line 231]
Event: 19.120 Thread 0x0000029b02056000 Exception <a 'java/lang/ClassNotFoundException'{0x00000000aad08a00}: com/android/build/gradle/AbstractAppExtensionBeanInfo> (0x00000000aad08a00) thrown at [./src/hotspot/share/classfile/systemDictionary.cpp, line 231]
Event: 19.121 Thread 0x0000029b02056000 Exception <a 'java/lang/ClassNotFoundException'{0x00000000aad202c8}: com/android/build/gradle/TestedExtensionBeanInfo> (0x00000000aad202c8) thrown at [./src/hotspot/share/classfile/systemDictionary.cpp, line 231]
Event: 19.123 Thread 0x0000029b02056000 Exception <a 'java/lang/ClassNotFoundException'{0x00000000aad37ae0}: com/android/build/gradle/BaseExtensionBeanInfo> (0x00000000aad37ae0) thrown at [./src/hotspot/share/classfile/systemDictionary.cpp, line 231]
Event: 19.130 Thread 0x0000029b02056000 Exception <a 'java/lang/ClassNotFoundException'{0x00000000aad4f370}: com/android/build/gradle/BaseExtensionCustomizer> (0x00000000aad4f370) thrown at [./src/hotspot/share/classfile/systemDictionary.cpp, line 231]
Event: 19.136 Thread 0x0000029b02056000 Exception <a 'java/lang/ClassNotFoundException'{0x00000000aadbfb70}: com/android/build/gradle/TestedExtensionCustomizer> (0x00000000aadbfb70) thrown at [./src/hotspot/share/classfile/systemDictionary.cpp, line 231]
Event: 19.150 Thread 0x0000029b02056000 Exception <a 'java/lang/ClassNotFoundException'{0x00000000aadf2818}: com/android/build/gradle/AbstractAppExtensionCustomizer> (0x00000000aadf2818) thrown at [./src/hotspot/share/classfile/systemDictionary.cpp, line 231]
Event: 19.152 Thread 0x0000029b02056000 Exception <a 'java/lang/ClassNotFoundException'{0x00000000aac208d0}: com/android/build/gradle/AppExtensionCustomizer> (0x00000000aac208d0) thrown at [./src/hotspot/share/classfile/systemDictionary.cpp, line 231]
Event: 19.153 Thread 0x0000029b02056000 Exception <a 'java/lang/ClassNotFoundException'{0x00000000aac50810}: com/android/build/gradle/internal/dsl/BaseAppModuleExtensionCustomizer> (0x00000000aac50810) thrown at [./src/hotspot/share/classfile/systemDictionary.cpp, line 231]
Event: 19.172 Thread 0x0000029b02056000 Exception <a 'java/lang/ClassNotFoundException'{0x00000000aab3a2f0}: com/android/build/gradle/internal/dsl/BaseAppModuleExtension_DecoratedCustomizer> (0x00000000aab3a2f0) thrown at [./src/hotspot/share/classfile/systemDictionary.cpp, line 231]
Event: 19.220 Thread 0x0000029b02056000 Exception <a 'java/lang/ClassNotFoundException'{0x00000000aa9abdf0}: org/gradle/api/internal/DefaultDomainObjectSet_DecoratedBeanInfo> (0x00000000aa9abdf0) thrown at [./src/hotspot/share/classfile/systemDictionary.cpp, line 231]
Event: 19.222 Thread 0x0000029b02056000 Exception <a 'java/lang/ClassNotFoundException'{0x00000000aa9de9f0}: org/gradle/api/internal/DefaultDomainObjectSet_DecoratedCustomizer> (0x00000000aa9de9f0) thrown at [./src/hotspot/share/classfile/systemDictionary.cpp, line 231]

Events (20 events):
Event: 19.219 loading class org/gradle/api/internal/DefaultDomainObjectSet_DecoratedBeanInfo
Event: 19.219 loading class org/gradle/api/internal/DefaultDomainObjectSet_DecoratedBeanInfo done
Event: 19.220 loading class org/gradle/api/internal/DefaultDomainObjectSet_DecoratedBeanInfo
Event: 19.220 loading class org/gradle/api/internal/DefaultDomainObjectSet_DecoratedBeanInfo done
Event: 19.220 loading class org/gradle/api/internal/DefaultDomainObjectSet_DecoratedCustomizer
Event: 19.220 loading class org/gradle/api/internal/DefaultDomainObjectSet_DecoratedCustomizer done
Event: 19.221 loading class org/gradle/api/internal/DefaultDomainObjectSet_DecoratedCustomizer
Event: 19.221 loading class org/gradle/api/internal/DefaultDomainObjectSet_DecoratedCustomizer done
Event: 19.221 loading class org/gradle/api/internal/DefaultDomainObjectSet_DecoratedCustomizer
Event: 19.221 loading class org/gradle/api/internal/DefaultDomainObjectSet_DecoratedCustomizer done
Event: 19.222 loading class org/gradle/api/internal/DefaultDomainObjectSet_DecoratedCustomizer
Event: 19.222 loading class org/gradle/api/internal/DefaultDomainObjectSet_DecoratedCustomizer done
Event: 19.233 loading class groovy/runtime/metaclass/build_1ymhauc7z72oytq6pgv3lg6gs$_run_closure1MetaClass
Event: 19.233 loading class groovy/runtime/metaclass/build_1ymhauc7z72oytq6pgv3lg6gs$_run_closure1MetaClass done
Event: 19.235 loading class groovy/runtime/metaclass/build_1ymhauc7z72oytq6pgv3lg6gs$_run_closure1$_closure3MetaClass
Event: 19.235 loading class groovy/runtime/metaclass/build_1ymhauc7z72oytq6pgv3lg6gs$_run_closure1$_closure3MetaClass done
Event: 19.236 loading class org/gradle/util/internal/ConfigureUtil
Event: 19.236 loading class org/gradle/util/internal/ConfigureUtil done
Event: 19.237 loading class groovy/runtime/metaclass/com/android/build/gradle/internal/dsl/DefaultConfig$AgpDecorated_DecoratedMetaClass
Event: 19.237 loading class groovy/runtime/metaclass/com/android/build/gradle/internal/dsl/DefaultConfig$AgpDecorated_DecoratedMetaClass done


Dynamic libraries:
0x00007ff728210000 - 0x00007ff72821a000 	C:\Program Files\Android\Android Studio\jre\bin\java.exe
0x00007ff98cdf0000 - 0x00007ff98cfe5000 	C:\WINDOWS\SYSTEM32\ntdll.dll
0x00007ff98c2e0000 - 0x00007ff98c39e000 	C:\WINDOWS\System32\KERNEL32.DLL
0x00007ff98aa60000 - 0x00007ff98ad28000 	C:\WINDOWS\System32\KERNELBASE.dll
0x00007ff98a7f0000 - 0x00007ff98a8f0000 	C:\WINDOWS\System32\ucrtbase.dll
0x00007ff984250000 - 0x00007ff984267000 	C:\Program Files\Android\Android Studio\jre\bin\VCRUNTIME140.dll
0x00007ff984220000 - 0x00007ff984239000 	C:\Program Files\Android\Android Studio\jre\bin\jli.dll
0x00007ff98cc00000 - 0x00007ff98cda1000 	C:\WINDOWS\System32\USER32.dll
0x00007ff977b90000 - 0x00007ff977e2a000 	C:\WINDOWS\WinSxS\amd64_microsoft.windows.common-controls_6595b64144ccf1df_6.0.19041.1110_none_60b5254171f9507e\COMCTL32.dll
0x00007ff98a8f0000 - 0x00007ff98a912000 	C:\WINDOWS\System32\win32u.dll
0x00007ff98c440000 - 0x00007ff98c4de000 	C:\WINDOWS\System32\msvcrt.dll
0x00007ff98c1c0000 - 0x00007ff98c1eb000 	C:\WINDOWS\System32\GDI32.dll
0x00007ff98a950000 - 0x00007ff98aa5d000 	C:\WINDOWS\System32\gdi32full.dll
0x00007ff98ad30000 - 0x00007ff98adcd000 	C:\WINDOWS\System32\msvcp_win.dll
0x00007ff98c070000 - 0x00007ff98c0a0000 	C:\WINDOWS\System32\IMM32.DLL
0x00007ff96a560000 - 0x00007ff96a5fd000 	C:\Program Files\Android\Android Studio\jre\bin\msvcp140.dll
0x00007ff945f60000 - 0x00007ff946a35000 	C:\Program Files\Android\Android Studio\jre\bin\server\jvm.dll
0x00007ff98bac0000 - 0x00007ff98bb6e000 	C:\WINDOWS\System32\ADVAPI32.dll
0x00007ff98c3a0000 - 0x00007ff98c43c000 	C:\WINDOWS\System32\sechost.dll
0x00007ff98b090000 - 0x00007ff98b1b5000 	C:\WINDOWS\System32\RPCRT4.dll
0x00007ff98b2f0000 - 0x00007ff98b2f8000 	C:\WINDOWS\System32\PSAPI.DLL
0x00007ff975da0000 - 0x00007ff975da9000 	C:\WINDOWS\SYSTEM32\WSOCK32.dll
0x00007ff977900000 - 0x00007ff977927000 	C:\WINDOWS\SYSTEM32\WINMM.dll
0x00007ff98ca30000 - 0x00007ff98ca9b000 	C:\WINDOWS\System32\WS2_32.dll
0x00007ff97f750000 - 0x00007ff97f75a000 	C:\WINDOWS\SYSTEM32\VERSION.dll
0x00007ff988d80000 - 0x00007ff988d92000 	C:\WINDOWS\SYSTEM32\kernel.appcore.dll
0x00007ff985710000 - 0x00007ff985721000 	C:\Program Files\Android\Android Studio\jre\bin\verify.dll
0x00007ff988a80000 - 0x00007ff988c64000 	C:\WINDOWS\SYSTEM32\DBGHELP.DLL
0x00007ff973280000 - 0x00007ff9732ac000 	C:\WINDOWS\SYSTEM32\dbgcore.DLL
0x00007ff98a550000 - 0x00007ff98a5d2000 	C:\WINDOWS\System32\bcryptPrimitives.dll
0x00007ff9856b0000 - 0x00007ff9856d9000 	C:\Program Files\Android\Android Studio\jre\bin\java.dll
0x00007ff9856a0000 - 0x00007ff9856ab000 	C:\Program Files\Android\Android Studio\jre\bin\jimage.dll
0x00007ff985680000 - 0x00007ff985698000 	C:\Program Files\Android\Android Studio\jre\bin\zip.dll
0x00007ff98b370000 - 0x00007ff98bab4000 	C:\WINDOWS\System32\SHELL32.dll
0x00007ff9882e0000 - 0x00007ff988a75000 	C:\WINDOWS\SYSTEM32\windows.storage.dll
0x00007ff98c4e0000 - 0x00007ff98c835000 	C:\WINDOWS\System32\combase.dll
0x00007ff989e80000 - 0x00007ff989eae000 	C:\WINDOWS\SYSTEM32\Wldp.dll
0x00007ff98c900000 - 0x00007ff98c9ad000 	C:\WINDOWS\System32\SHCORE.dll
0x00007ff98c9b0000 - 0x00007ff98ca05000 	C:\WINDOWS\System32\shlwapi.dll
0x00007ff98a440000 - 0x00007ff98a45f000 	C:\WINDOWS\SYSTEM32\profapi.dll
0x00007ff984320000 - 0x00007ff98433a000 	C:\Program Files\Android\Android Studio\jre\bin\net.dll
0x00007ff9785e0000 - 0x00007ff9786ec000 	C:\WINDOWS\SYSTEM32\WINHTTP.dll
0x00007ff989be0000 - 0x00007ff989c4a000 	C:\WINDOWS\system32\mswsock.dll
0x00007ff984300000 - 0x00007ff984314000 	C:\Program Files\Android\Android Studio\jre\bin\nio.dll
0x00007ff982d20000 - 0x00007ff982d47000 	C:\Users\LAPTOP MART\.gradle\native\e1d6ef7f7dcc3fd88c89a11ec53ec762bb8ba0a96d01ffa2cd45eb1d1d8dd5c5\windows-amd64\native-platform.dll
0x00007ff953e50000 - 0x00007ff953f94000 	C:\Users\LAPTOP MART\.gradle\native\5664cfc778a61ccfe75a443a1ab52a65af34e5dc3c78e0209fed803814484fcb\windows-amd64\native-platform-file-events.dll
0x00007ff985640000 - 0x00007ff98564a000 	C:\Program Files\Android\Android Studio\jre\bin\management.dll
0x00007ff984800000 - 0x00007ff98480d000 	C:\Program Files\Android\Android Studio\jre\bin\management_ext.dll
0x00007ff989dd0000 - 0x00007ff989de8000 	C:\WINDOWS\SYSTEM32\CRYPTSP.dll
0x00007ff989560000 - 0x00007ff989594000 	C:\WINDOWS\system32\rsaenh.dll
0x00007ff98a920000 - 0x00007ff98a947000 	C:\WINDOWS\System32\bcrypt.dll
0x00007ff98a400000 - 0x00007ff98a42e000 	C:\WINDOWS\SYSTEM32\USERENV.dll
0x00007ff989df0000 - 0x00007ff989dfc000 	C:\WINDOWS\SYSTEM32\CRYPTBASE.dll
0x00007ff9898d0000 - 0x00007ff98990b000 	C:\WINDOWS\SYSTEM32\IPHLPAPI.DLL
0x00007ff98b360000 - 0x00007ff98b368000 	C:\WINDOWS\System32\NSI.dll
0x00007ff97f650000 - 0x00007ff97f667000 	C:\WINDOWS\SYSTEM32\dhcpcsvc6.DLL
0x00007ff97fd30000 - 0x00007ff97fd4d000 	C:\WINDOWS\SYSTEM32\dhcpcsvc.DLL
0x00007ff989910000 - 0x00007ff9899db000 	C:\WINDOWS\SYSTEM32\DNSAPI.dll

dbghelp: loaded successfully - version: 4.0.5 - missing functions: none
symbol engine: initialized successfully - sym options: 0x614 - pdb path: .;C:\Program Files\Android\Android Studio\jre\bin;C:\WINDOWS\SYSTEM32;C:\WINDOWS\WinSxS\amd64_microsoft.windows.common-controls_6595b64144ccf1df_6.0.19041.1110_none_60b5254171f9507e;C:\Program Files\Android\Android Studio\jre\bin\server;C:\Users\LAPTOP MART\.gradle\native\e1d6ef7f7dcc3fd88c89a11ec53ec762bb8ba0a96d01ffa2cd45eb1d1d8dd5c5\windows-amd64;C:\Users\LAPTOP MART\.gradle\native\5664cfc778a61ccfe75a443a1ab52a65af34e5dc3c78e0209fed803814484fcb\windows-amd64

VM Arguments:
jvm_args: --add-opens=java.base/java.util=ALL-UNNAMED --add-opens=java.base/java.lang=ALL-UNNAMED --add-opens=java.base/java.lang.invoke=ALL-UNNAMED --add-opens=java.base/java.util=ALL-UNNAMED --add-opens=java.prefs/java.util.prefs=ALL-UNNAMED --add-opens=java.prefs/java.util.prefs=ALL-UNNAMED --add-opens=java.base/java.nio.charset=ALL-UNNAMED --add-opens=java.base/java.net=ALL-UNNAMED --add-opens=java.base/java.util.concurrent.atomic=ALL-UNNAMED -Xmx1536m -Dfile.encoding=windows-1252 -Duser.country=US -Duser.language=en -Duser.variant 
java_command: org.gradle.launcher.daemon.bootstrap.GradleDaemon 7.2
java_class_path (initial): C:\Users\LAPTOP MART\.gradle\wrapper\dists\gradle-7.2-all\260hg96vuh6ex27h9vo47iv4d\gradle-7.2\lib\gradle-launcher-7.2.jar
Launcher Type: SUN_STANDARD

[Global flags]
     intx CICompilerCount                          = 3                                         {product} {ergonomic}
     uint ConcGCThreads                            = 1                                         {product} {ergonomic}
     uint G1ConcRefinementThreads                  = 4                                         {product} {ergonomic}
   size_t G1HeapRegionSize                         = 1048576                                   {product} {ergonomic}
    uintx GCDrainStackTargetSize                   = 64                                        {product} {ergonomic}
   size_t InitialHeapSize                          = 264241152                                 {product} {ergonomic}
   size_t MarkStackSize                            = 4194304                                   {product} {ergonomic}
   size_t MaxHeapSize                              = 1610612736                                {product} {command line}
   size_t MaxNewSize                               = 965738496                                 {product} {ergonomic}
   size_t MinHeapDeltaBytes                        = 1048576                                   {product} {ergonomic}
    uintx NonNMethodCodeHeapSize                   = 5830732                                {pd product} {ergonomic}
    uintx NonProfiledCodeHeapSize                  = 122913754                              {pd product} {ergonomic}
    uintx ProfiledCodeHeapSize                     = 122913754                              {pd product} {ergonomic}
    uintx ReservedCodeCacheSize                    = 251658240                              {pd product} {ergonomic}
     bool SegmentedCodeCache                       = true                                      {product} {ergonomic}
     bool UseCompressedClassPointers               = true                                 {lp64_product} {ergonomic}
     bool UseCompressedOops                        = true                                 {lp64_product} {ergonomic}
     bool UseG1GC                                  = true                                      {product} {ergonomic}
     bool UseLargePagesIndividualAllocation        = false                                  {pd product} {ergonomic}

Logging:
Log output configuration:
 #0: stdout all=warning uptime,level,tags
 #1: stderr all=off uptime,level,tags

Environment Variables:
PATH=C:\Program Files (x86)\Common Files\Oracle\Java\javapath;C:\WINDOWS\system32;C:\WINDOWS;C:\WINDOWS\System32\Wbem;C:\WINDOWS\System32\WindowsPowerShell\v1.0\;C:\Program Files\Git\cmd;C:\WINDOWS\System32\OpenSSH\;C:\Program Files\Graphviz\bin;C:\Program Files\nodejs\;C:\Program Files\Microsoft SQL Server\150\Tools\Binn\;C:\Program Files\Microsoft SQL Server\Client SDK\ODBC\170\Tools\Binn\;C:\Program Files (x86)\Microsoft SQL Server\150\Tools\Binn\;C:\Program Files\Microsoft SQL Server\150\DTS\Binn\;C:\Program Files (x86)\Microsoft SQL Server\150\DTS\Binn\;C:\Program Files\Azure Data Studio\bin;C:\Program Files\MySQL\MySQL Shell 8.0\bin\;C:\Users\LAPTOP MART\AppData\Local\Programs\Python\Python38\Scripts\;C:\Users\LAPTOP MART\AppData\Local\Programs\Python\Python38\;C:\Users\LAPTOP MART\AppData\Local\Programs\Microsoft VS Code\bin;C:\Users\LAPTOP MART\AppData\Local\Microsoft\WindowsApps;C:\Program Files\heroku\bin;C:\Program Files\PostgreSQL\13\bin;C:\Program Files\Graphviz\bin;C:\Users\LAPTOP MART\AppData\Roaming\npm;C:\Program Files\Azure Data Studio\bin
USERNAME=LAPTOP MART
OS=Windows_NT
PROCESSOR_IDENTIFIER=Intel64 Family 6 Model 78 Stepping 3, GenuineIntel



---------------  S Y S T E M  ---------------

OS: Windows 10 , 64 bit Build 19041 (10.0.19041.1466)
OS uptime: 12 days 7:59 hours

CPU:total 4 (initial active 4) (2 cores per cpu, 2 threads per core) family 6 model 78 stepping 3 microcode 0xcc, cmov, cx8, fxsr, mmx, sse, sse2, sse3, ssse3, sse4.1, sse4.2, popcnt, avx, avx2, aes, clmul, erms, rtm, 3dnowpref, lzcnt, ht, tsc, tscinvbit, bmi1, bmi2, adx, fma

Memory: 4k page, system-wide physical 16006M (609M free)
TotalPageFile size 30945M (AvailPageFile size 0M)
current process WorkingSet (physical memory assigned to process): 390M, peak: 398M
current process commit charge ("private bytes"): 478M, peak: 486M

vm_info: OpenJDK 64-Bit Server VM (11.0.11+9-b60-7590822) for windows-amd64 JRE (11.0.11+9-b60-7590822), built on Jul 29 2021 21:43:44 by "builder" with MS VC++ 14.0 (VS2015)

END.
